[   0.000000Intialincgroup subsys cpuset
[    0.000000]nitializing cgroup subsys cpu
[  0.000000] Initializing cgroup subsys cpuacct
[    0.000000] Linux version 4.4.0-145-generic (buildd@lcy01-amd64-027) (gcc version 5.4.0 20160609 (Ubuntu 5.4.0-6ubuntu1~16.04.10) ) #171-Ubuntu SMP Tue Mar 26 12:43:40 UTC 2019 (Ubuntu 4.4.0-145.171-generic 4.4.176)
[    0.000000] Command line: BOOT_IMAGE=/boot/vmlinuz-4.4.0-145-generic root=UUID=8decbaf4-e443-4fa3-a19b-bd6d6b0a5c2d ro console=tty1 console=ttyS0
[    0.000000] KERNEL supported cpus:
[    0.000000]   Intel GenuineIntel
[    0.000000]   AMD AuthenticAMD
[    0.000000]   Centaur CentaurHauls
[    0.000000] x86/fpu: xstate_offset[2]:  576, xstate_sizes[2]:  256
[    0.000000] x86/fpu: Supporting XSAVE feature 0x01: 'x87 floating point registers'
[    0.000000] x86/fpu: Supporting XSAVE feature 0x02: 'SSE registers'
[    0.000000] x86/fpu: Supporting XSAVE feature 0x04: 'AVX registers'
[    0.000000] x86/fpu: Enabled xstate features 0x7, context size is 832 bytes, using 'standard' format.
[    0.000000] e820: BIOS-provided physical RAM map:
[    0.000000] BIOS-e820: [mem 0x0000000000000000-0x000000000009fbff] usable
[    0.000000] BIOS-e820: [mem 0x000000000009fc00-0x000000000009ffff] reserved
[    0.000000] BIOS-e820: [mem 0x00000000000f0000-0x00000000000fffff] reserved
[    0.000000] BIOS-e820: [mem 0x0000000000100000-0x000000003ffeffff] usable
[    0.000000] BIOS-e820: [mem 0x000000003fff0000-0x000000003fffffff] ACPI data
[    0.000000] BIOS-e820: [mem 0x00000000fec00000-0x00000000fec00fff] reserved
[    0.000000] BIOS-e820: [mem 0x00000000fee00000-0x00000000fee00fff] reserved
[    0.000000] BIOS-e820: [mem 0x00000000fffc0000-0x00000000ffffffff] reserved
[    0.000000] NX (Execute Disable) protection: active
[    0.000000] SMBIOS 2.5 present.
[    0.000000] Hypervisor detected: KVM
[    0.000000] e820: last_pfn = 0x3fff0 max_arch_pfn = 0x400000000
[    0.000000] MTRR: Disabled
[    0.000000] x86/PAT: MTRRs disabled, skipping PAT initialization too.
[    0.000000] CPU MTRRs all blank - virtualized system.
[    0.000000] x86/PAT: Configuration [0-7]: WB  WT  UC- UC  WB  WT  UC- UC  
[    0.000000] found SMP MP-table at [mem 0x0009fff0-0x0009ffff] mapped at [ffff88000009fff0]
[    0.000000] Scanning 1 areas for low memory corruption
[    0.000000] RAMDISK: [mem 0x361e8000-0x370ebfff]
[    0.000000] ACPI: Early table checksum verification disabled
[    0.000000] ACPI: RSDP 0x00000000000E0000 000024 (v02 VBOX  )
[    0.000000] ACPI: XSDT 0x000000003FFF0030 00003C (v01 VBOX   VBOXXSDT 00000001 ASL  00000061)
[    0.000000] ACPI: FACP 0x000000003FFF00F0 0000F4 (v04 VBOX   VBOXFACP 00000001 ASL  00000061)
[    0.000000] ACPI: DSDT 0x000000003FFF0470 0021FF (v02 VBOX   VBOXBIOS 00000002 INTL 20180105)
[    0.000000] ACPI: FACS 0x000000003FFF0200 000040
[    0.000000] ACPI: FACS 0x000000003FFF0200 000040
[    0.000000] ACPI: APIC 0x000000003FFF0240 00005C (v02 VBOX   VBOXAPIC 00000001 ASL  00000061)
[    0.000000] ACPI: SSDT 0x000000003FFF02A0 0001CC (v01 VBOX   VBOXCPUT 00000002 INTL 20180105)
[    0.000000] No NUMA configuration found
[    0.000000] Faking a node at [mem 0x0000000000000000-0x000000003ffeffff]
[    0.000000] NODE_DATA(0) allocated [mem 0x3ffeb000-0x3ffeffff]
[    0.000000] kvm-clock: Using msrs 4b564d01 and 4b564d00
[    0.000000] kvm-clock: cpu 0, msr 0:3ffe3001, primary cpu clock
[    0.000000] kvm-clock: using sched offset of 3124423823 cycles
[    0.000000] clocksource: kvm-clock: mask: 0xffffffffffffffff max_cycles: 0x1cd42e4dffb, max_idle_ns: 881590591483 ns
[    0.000000] Zone ranges:
[    0.000000]   DMA      [mem 0x0000000000001000-0x0000000000ffffff]
[    0.000000]   DMA32    [mem 0x0000000001000000-0x000000003ffeffff]
[    0.000000]   Normal   empty
[    0.000000]   Device   empty
[    0.000000] Movable zone start for each node
[    0.000000] Early memory node ranges
[    0.000000]   node   0: [mem 0x0000000000001000-0x000000000009efff]
[    0.000000]   node   0: [mem 0x0000000000100000-0x000000003ffeffff]
[    0.000000] Initmem setup node 0 [mem 0x0000000000001000-0x000000003ffeffff]
[    0.000000] ACPI: PM-Timer IO Port: 0x4008
[    0.000000] IOAPIC[0]: apic_id 2, version 32, address 0xfec00000, GSI 0-23
[    0.000000] ACPI: INT_SRC_OVR (bus 0 bus_irq 0 global_irq 2 dfl dfl)
[    0.000000] ACPI: INT_SRC_OVR (bus 0 bus_irq 9 global_irq 9 low level)
[    0.000000] Using ACPI (MADT) for SMP configuration information
[    0.000000] smpboot: Allowing 2 CPUs, 0 hotplug CPUs
[    0.000000] PM: Registered nosave memory: [mem 0x00000000-0x00000fff]
[    0.000000] PM: Registered nosave memory: [mem 0x0009f000-0x0009ffff]
[    0.000000] PM: Registered nosave memory: [mem 0x000a0000-0x000effff]
[    0.000000] PM: Registered nosave memory: [mem 0x000f0000-0x000fffff]
[    0.000000] e820: [mem 0x40000000-0xfebfffff] available for PCI devices
[    0.000000] Booting paravirtalederneon KVM
[    0.000000] clocksource: refined-jiffies: mask: 0xffffffff max_cycles: 0xffffffff, max_idle_ns: 7645519600211568 ns
[    0.000000] setup_percpu: NR_CPUS:512 nr_cpumask_bits:512 nr_cpu_ids:2 nr_node_ids:1
[    0.000000] PERCPU: Embedded 34 pages/cpu @ffff88003fc00000 s99480 r8192 d31592 u1048576
[    0.000000] Built 1 zonelists in Node order, mobility grouping on.  Total pages: 257912
[    0.000000] Policy zone: DMA32
[    0.000000] Kernel command line: BOOT_IMAGE=/boot/vmlinuz-4.4.0-145-generic root=UUID=8decbaf4-e443-4fa3-a19b-bd6d6b0a5c2d ro console=tty1 console=ttyS0
[    0.000000] PID hash table entries: 4096 (order: 3, 32768 bytes)
[    0.0000] mo: 99841081K aiable86K keelod, 1333rwata, 400 rdata14K int, 14K b, 93K reseed0K c-rered)
[  0000] UB HWali=6 Ord=0-3, MinObjects=0, CPUs=2, Nodes=1
[    0.000000] Kernel/User page tables isolation: enabled
[    0.000000] Hierarchical RCU implementation.
[    0.000000] 	Build-time adjustment of leaf fanout to 64.
[    0.000000] 	RCU restricting CPUs from NR_CPUS=512 to nr_cpu_ids=2.
[    0.000000] RCU: Adjusting geometry for rcu_fanout_leaf=64, nr_cpu_ids=2
[    0.000000] NR_IRQS:33024 nr_irqs:440 16
[    0.000000] Console: colour VGA+ 80x25
[    0.000000] console [tty1] enabled
[    0.000000] console [ttyS0] enabled
[    0.000000] tsc: Detected 2207.998 MHz processor
[    1.264543] Calibrating delay loop (skipped) preset value.. 4415.99 BogoMIPS (lpj=8831992)
[    1.266220] pid_max: default: 32768 minimum: 301
[    1.267103] ACPI: Core revision 20150930
[    1.269059] ACPI: 2 ACPI AML tables successfully acquired and loaded
[    1.270386] Security Framework initialized
[    1.271191] Yama: becoming mindful.
[    1.271788] AppArmor: AppArmor initialized
[    1.272667] Dentry cache hash table entries: 131072 (order: 8, 1048576 bytes)
[    1.298309] Inode-cache hash table entries: 65536 (order: 7, 524288 bytes)
[    1.299276] Mount-cache hash table entries: 2048 (order: 2, 16384 bytes)
[    1.300143] Mountpoint-cache hash table entries: 2048 (order: 2, 16384 bytes)
[    1.301177] Initializing cgroup subsys io
[    1.301782] Initializing cgroup subsys memory
[    1.302418] Initializing cgroup subsys devices
[    1.303059] Initializing cgroup subsys freezer
[    1.303725] Initializing cgroup subsys net_cls
[    1.304381] Initializing cgroup subsys perf_event
[    1.305049] Initializing cgroup subsys net_prio
[    1.311033] Initializing cgroup subsys hugetlb
[    1.311696] Initializing cgroup subsys pids
[    1.313405] mce: CPU supports 0 MCE banks
[    1.314025] Last level iTLB entries: 4KB 64, 2MB 8, 4MB 8
[    1.314761] Last level dTLB entries: 4KB 64, 2MB 0, 4MB 0, 1GB 4
[    1.315563] Spectre V2 : Mitigation: Full generic retpoline
[    1.316321] Spectre V2 : Spectre v2 / SpectreRSB mitigation: Filling RSB on context switch
[    1.317537] Speculative Store Bypass: Vulnerable
[    1.320290] Freeing SMP alternatives memory: 36K
[    1.325212] ftrace: allocating 32283 entries in 127 pages
[    1.381892] smpboot: APIC(0) Converting physical 0 to logical package 0
[    1.388132] smpboot: Max logical packages: 1
[    1.388998] x2apic enabled
[    1.389669] Switched APIC routing to physical x2apic.
[    1.391303] ..TIMER: vector=0x30 apic1=0 pin1=2 apic2=-1 pin2=-1
[    1.499197] smpboot: CPU0: Intel(R) Core(TM) i5-7260U CPU @ 2.20GHz (family: 0x6, model: 0x8e, stepping: 0x9)
[    1.515350] Performance Events: unsupported p6 CPU model 142 no PMU driver, software events only.
[    1.525055] KVM setup paravirtual spinlock
[    1.536576] x86: Booting SMP configuration:
[    1.537205] .... node  #0, CPUs:      #1
[    1.537854] kvm-clock: cpu 1, msr 0:3ffe3041, secondary cpu clock
[    1.540130] mce: CPU supports 0 MCE banks
[    1.542566] x86: Booted up 1 node, 2 CPUs
[    1.543342] smpboot: Total of 2 processors activated (8831.99 BogoMIPS)
[    1.544495] devtmpfs: initialized
[    1.545986] evm: security.selinux
[    1.546522] evm: security.SMACK64
[    1.547056] evm: security.SMACK64EXEC
[    1.547658] evm: security.SMACK64TRANSMUTE
[    1.548275] evm: security.SMACK64MMAP
[    1.548843] evm: security.ima
[    1.549341] evm: security.capability
[    1.550268] clocksource: jiffies: mask: 0xffffffff max_cycles: 0xffffffff, max_idle_ns: 7645041785100000 ns
[    1.551941] futex hash table entries: 512 (order: 3, 32768 bytes)
[    1.558333] pinctrl core: initialized pinctrl subsystem
[    1.559174] RTC time:  8:07:50, date: 04/24/19
[    1.559969] NET: Registered protocol family 16
[    1.571978] cpuidle: using governor ladder
[    1.687232] cpuidle: using governor menu
[    1.807708] PCCT header not found.
[    1.907669] ACPI: bus type PCI registered
[    2.027380] acpiphp: ACPI Hot Plug PCI Controller Driver version: 0.5
[    2.082863] PCI: Using configuration type 1 for base access
[    2.096288] ACPI: Added _OSI(Module Device)
[    2.097018] ACPI: Added _OSI(Processor Device)
[    2.097745] ACPI: Added _OSI(3.0 _SCP Extensions)
[    2.098500] ACPI: Added _OSI(Processor Aggregator Device)
[    2.099907] ACPI: Executed 1 blocks of module-level executable AML code
[    2.102631] ACPI: Interpreter enabled
[    2.103277] ACPI: (supports S0 S5)
[    2.103893] ACPI: Using IOAPIC for interrupt routing
[    2.104819] PCI: Using host bridge windows from ACPI; if necessary, use "pci=nocrs" and report a bug
[    2.115318] ACPI: PCI Root Bridge [PCI0] (domain 0000 [bus 00-ff])
[    2.116290] acpi PNP0A03:00: _OSC: OS supports [ASPM ClockPM Segments MSI]
[    2.117333] acpi PNP0A03:00: _OSC: not requesting OS control; OS requires [ExtendedConfig ASPM ClockPM MSI]
[    2.118872] acpi PNP0A03:00: fail to add MMCONFIG information, can't access extended PCI configuration space under this bridge.
[    2.120821] PCI host bridge to bus 0000:00
[    2.121517] pci_bus 0000:00: root bus resource [io  0x0000-0x0cf7 window]
[    2.122514] pci_bus 0000:00: root bus resource [io  0x0d00-0xffff window]
[    2.123518] pci_bus 0000:00: root bus resource [mem 0x000a0000-0x000bffff window]
[    2.124775] pci_bus 0000:00: root bus resource [mem 0x40000000-0xfdffffff window]
[    2.126039] pci_bus 0000:00: root bus resource [bus 00-ff]
[    2.128056] pci 0000:00:01.1: legacy IDE quirk: reg 0x10: [io  0x01f0-0x01f7]
[    2.129124] pci 0000:00:01.1: legacy IDE quirk: reg 0x14: [io  0x03f6]
[    2.130109] pci 0000:00:01.1: legacy IDE quirk: reg 0x18: [io  0x0170-0x0177]
[    2.131167] pci 0000:00:01.1: legacy IDE quirk: reg 0x1c: [io  0x0376]
[    2.143471] pci 0000:00:07.0: quirk: [io  0x4000-0x403f] claimed by PIIX4 ACPI
[    2.144754] pci 0000:00:07.0: quirk: [io  0x4100-0x410f] claimed by PIIX4 SMB
[    2.160292] ACPI: PCI Interrupt Link [LNKA] (IRQs 5 9 10 *11)
[    2.161682] ACPI: PCI Interrupt Link [LNKB] (IRQs 5 9 *10 11)
[    2.162976] ACPI: PCI Interrupt Link [LNKC] (IRQs 5 *9 10 11)
[    2.183569] ACPI: PCI Interrupt Link [LNKD] (IRQs 5 9 10 *11)
[    2.184767] ACPI: Enabled 2 GPEs in block 00 to 07
[    2.185771] vgaarb: setting as boot device: PCI:0000:00:02.0
[    2.186536] vgaarb: device added: PCI:0000:00:02.0,decodes=io+mem,owns=io+mem,locks=none
[    2.187736] vgaarb: loaded
[    2.188228] vgaarb: bridge control possible 0000:00:02.0
[    2.189160] SCSI subsystem initialized
[    2.189844] ACPI: bus type USB registered
[    2.190478] usbcore: registered new interface driver usbfs
[    2.191241] usbcore: registered new interface driver hub
[    2.192033] usbcore: registered new device driver usb
[    2.192942] PCI: Using ACPI for IRQ routing
[    2.193783] NetLabel: Initializing
[    2.194326] NetLabel:  domain hash size = 128
[    2.194965] NetLabel:  protocols = UNLABELED CIPSOv4
[    2.196027] NetLabel:  unlabeled traffic allowed by default
[    2.196915] amd_nb: Cannot enumerate AMD northbridges
[    2.197661] clocksource: Switched to clocksource kvm-clock
[    2.203434] AppArmor: AppArmor Filesystem Enabled
[    2.204190] pnp: PnP ACPI init
[    2.205263] pnp: PnP ACPI: found 3 devices
[    2.213887] clocksource: acpi_pm: mask: 0xffffff max_cycles: 0xffffff, max_idle_ns: 2085701024 ns
[    2.215166] NET: Registered protocol family 2
[    2.215951] TCP established hash table entries: 8192 (order: 4, 65536 bytes)
[    2.216868] TCP bind hash table entries: 8192 (order: 5, 131072 bytes)
[    2.217741] TCP: Hash tables configured (established 8192 bind 8192)
[    2.218583] UDP hash table entries: 512 (order: 2, 16384 bytes)
[    2.219371] UDP-Lite hash table entries: 512 (order: 2, 16384 bytes)
[    2.220232] NET: Registered protocol family 1
[    2.220878] pci 0000:00:00.0: Limiting direct PCI/PCI transfers
[    2.221693] pci 0000:00:01.0: Activating ISA DMA hang workarounds
[    2.222593] Unpacking initramfs...
[    2.412815] Freeing initrd memory: 15376K
[    2.487327] platform rtc_cmos: registered platform RTC device (no PNP device found)
[    2.488648] Scanning for low memory corruption every 60 seconds
[    2.489904] audit: initializing netlink subsys (disabled)
[    2.490786] audit: type=2000 audit(1556093273.820:1): initialized
[    2.491872] Initialise system trusted keyring
[    2.504539] HugeTLB registered 2 MB page size, pre-allocated 0 pages
[    2.506594] zbud: loaded
[    2.507419] VFS: Disk quotas dquot_6.6.0
[    2.508119] VFS: Dquot-cache hash table entries: 512 (order 0, 4096 bytes)
[    2.509334] squashfs: version 4.0 (2009/01/31) Phillip Lougher
[    2.510489] fuse init (API version 7.23)
[    2.511257] Key type big_key registered
[    2.511940] Allocating IMA MOK and blacklist keyrings.
[    2.513464] Key type asymmetric registered
[    2.514199] Asymmetric key parser 'x509' registered
[    2.515028] Block layer SCSI generic (bsg) driver version 0.4 loaded (major 249)
[    2.516340] io scheduler noop registered
[    2.517048] io scheduler deadline registered (default)
[    2.517905] io scheduler cfq registered
[    2.518682] pci_hotplug: PCI Hot Plug PCI Core version: 0.5
[    2.519568] pciehp: PCI Express Hot Plug Controller Driver version: 0.4
[    2.520678] ACPI: AC Adapter [AC] (on-line)
[    2.521434] input: Power Button as /devices/LNXSYSTM:00/LNXPWRBN:00/input/input0
[    2.522714] ACPI: Power Button [PWRF]
[    2.523414] input: Sleep Button as /devices/LNXSYSTM:00/LNXSLPBN:00/input/input1
[    2.524684] ACPI: Sleep Button [SLPF]
[    2.525516] GHES: HEST is not enabled!
[    2.526282] Serial: 8250/16550 driver, 32 ports, IRQ sharing enabled
[    2.548579] 00:02: ttyS0 at I/O 0x3f8 (irq = 4, base_baud = 115200) is a 16550A
[    2.550688] Linux agpgart interface v0.103
[    2.553207] loop: module loaded
[    2.554370] scsi host0: ata_piix
[    2.555135] scsi host1: ata_piix
[    2.555765] ata1: PATA max UDMA/33 cmd 0x1f0 ctl 0x3f6 bmdma 0xd000 irq 14
[    2.556808] ata2: PATA max UDMA/33 cmd 0x170 ctl 0x376 bmdma 0xd008 irq 15
[    2.557929] libphy: Fixed MDIO Bus: probed
[    2.558666] tun: Universal TUN/TAP device driver, 1.6
[    2.559486] tun: (C) 1999-2004 Max Krasnyansky <maxk@qualcomm.com>
[    2.560479] PPP generic driver version 2.4.2
[    2.561257] ehci_hcd: USB 2.0 'Enhanced' Host Controller (EHCI) Driver
[    2.562286] ehci-pci: EHCI PCI platform driver
[    2.563042] ehci-platform: EHCI generic platform driver
[    2.563889] ohci_hcd: USB 1.1 'Open' Host Controller (OHCI) Driver
[    2.564851] ohci-pci: OHCI PCI platform driver
[    2.565593] ohci-platform: OHCI generic platform driver
[    2.566440] uhci_hcd: USB Universal Host Controller Interface driver
[    2.567450] i8042: PNP: PS/2 Controller [PNP0303:PS2K,PNP0f03:PS2M] at 0x60,0x64 irq 1,12
[    2.569243] serio: i8042 KBD port at 0x60,0x64 irq 1
[    2.570058] serio: i8042 AUX port at 0x60,0x64 irq 12
[    2.570950] mousedev: PS/2 mouse device common for all mice
[    2.572165] rtc_cmos rtc_cmos: rtc core: registered rtc_cmos as rtc0
[    2.623272] input: AT Translated Set 2 keyboard as /devices/platform/i8042/serio0/input/input2
[    2.624648] rtc_cmos rtc_cmos: alarms up to one day, 114 bytes nvram
[    2.625503] i2c /dev entries driver
[    2.626119] device-mapper: uevent: version 1.0.3
[    2.626831] device-mapper: ioctl: 4.34.0-ioctl (2015-10-28) initialised: dm-devel@redhat.com
[    2.628050] ledtrig-cpu: registered to indicate activity on CPUs
[    2.631783] NET: Registered protocol family 10
[    2.632605] NET: Registered protocol family 17
[    2.633267] Key type dns_resolver registered
[    2.634113] registered taskstats version 1
[    2.634747] Loading compiled-in X.509 certificates
[    2.635899] Loaded X.509 cert 'Build time autogenerated kernel key: 766cb56454e39ea623681e1efb4bf4db48a2396c'
[    2.637261] zswap: loaded using pool lzo/zbud
[    2.639292] Key type trusted registered
[    2.642336] Key type encrypted registered
[    2.642960] AppArmor: AppArmor sha1 policy hashing enabled
[    2.643705] ima: No TPM chip found, activating TPM-bypass!
[    2.644460] ima: Allocated hash algorithm: sha1
[    2.645121] evm: HMAC attrs: 0x1
[    2.645897]   Magic number: 15:701:119
[    2.646541] rtc_cmos rtc_cmos: setting system clock to 2019-04-24 08:07:51 UTC (1556093271)
[    2.647820] BIOS EDD facility v0.16 2004-Jun-25, 0 devices found
[    2.648619] EDD information not available.
[    2.715857] Freeing unused kernel memory: 1484K
[    2.725811] Write protecting the kernel read-only data: 14336k
[    2.728920] Freeing unused kernel memory: 1620K
[    2.731227] Freeing unused kernel memory: 88K
Loading, please wait...
starting version[    2.757311] random: systemd-udevd: uninitialized urandom read (16 bytes read, 3 bits of entropy available)
 229
[    2.758733] random: udevadm: uninitialized urandom read (16 bytes read, 3 bits of entropy available)
[    2.758776] random: udevadm: uninitialized urandom read (16 bytes read, 3 bits of entropy available)
[    2.775276] random: udevadm: uninitialized urandom read (16 bytes read, 3 bits of entropy available)
[    2.775336] random: udevadm: uninitialized urandom read (16 bytes read, 3 bits of entropy available)
[    2.775530] random: udevadm: uninitialized urandom read (16 bytes read, 3 bits of entropy available)
[    2.775601] random: udevadm: uninitialized urandom read (16 bytes read, 3 bits of entropy available)
[    2.775674] random: udevadm: uninitialized urandom read (16 bytes read, 3 bits of entropy available)
[    2.775744] random: udevadm: uninitialized urandom read (16 bytes read, 3 bits of entropy available)
[    2.775811] random: udevadm: uninitialized urandom read (16 bytes read, 3 bits of entropy available)
[    2.830622] Fusion MPT base driver 3.04.20
[    2.831428] Copyright (c) 1999-2008 LSI Corporation
[    2.848098] Fusion MPT SPI Host driver 3.04.20
[    2.850365] e1000: Intel(R) PRO/1000 Network Driver - version 7.3.21-k8-NAPI
[    2.851455] e1000: Copyright (c) 1999-2006 Intel Corporation.
[    2.856152] AVX2 version of gcm_enc/dec engaged.
[    2.856962] AES CTR mode by8 optimization enabled
[    2.859867] mptbase: ioc0: Initiating bringup
[    2.934474] ioc0: LSI53C1030 A0: Capabilities={Initiator}
[    3.384742] input: ImExPS/2 Generic Explorer Mouse as /devices/platform/i8042/serio1/input/input4
[    3.492364] tsc: Refined TSC clocksource calibration: 2213.194 MHz
[    3.525273] clocksource: tsc: mask: 0xffffffffffffffff max_cycles: 0x1fe6e2c54a9, max_idle_ns: 440795313961 ns
[    3.565607] scsi host2: ioc0: LSI53C1030 A0, FwRev=00000000h, Ports=1, MaxQ=256, IRQ=20
[    3.725185] scsi 2:0:0:0: Direct-Access     VBOX     HARDDISK         1.0  PQ: 0 ANSI: 5
[    3.751427] scsi target2:0:0: Beginning Domain Validation
[    3.755619] scsi target2:0:0: Domain Validation skipping write tests
[    3.758008] scsi target2:0:0: Ending Domain Validation
[    3.759588] scsi target2:0:0: asynchronous
[    3.761486] scsi 2:0:1:0: Direct-Access     VBOX     HARDDISK         1.0  PQ: 0 ANSI: 5
[    3.763788] scsi target2:0:1: Beginning Domain Validation
[    3.767096] scsi target2:0:1: Domain Validation skipping write tests
[    3.768434] scsi target2:0:1: Ending Domain Validation
[    3.769475] scsi target2:0:1: asynchronous
[    3.778521] sd 2:0:0:0: Attached scsi generic sg0 type 0
[    3.779401] sd 2:0:0:0: [sda] 20971520 512-byte logical blocks: (10.7 GB/10.0 GiB)
[    3.781130] sd 2:0:1:0: [sdb] 20480 512-byte logical blocks: (10.5 MB/10.0 MiB)
[    3.782434] sd 2:0:1:0: Attached scsi generic sg1 type 0
[    3.792121] sd 2:0:1:0: [sdb] Write Protect is off
[    3.792867] sd 2:0:0:0: [sda] Write Protect is off
[    3.793649] sd 2:0:1:0: [sdb] Incomplete mode parameter data
[    3.794506] sd 2:0:1:0: [sdb] Assuming drive cache: write through
[    3.795360] sd 2:0:0:0: [sda] Incomplete mode parameter data
[    3.796179] sd 2:0:0:0: [sda] Assuming drive cache: write through
[    3.798861]  sda: sda1
[    3.800033] sd 2:0:0:0: [sda] Attached SCSI disk
[    3.800762] sd 2:0:1:0: [sdb] Attached SCSI disk
[    4.550178] e1000 0000:00:03.0 eth0: (PCI:33MHz:32-bit) 02:93:23:4d:82:b3
[    4.552686] e1000 0000:00:03.0 eth0: Intel(R) PRO/1000 Network Connection
[    4.895205] e1000 0000:00:08.0 eth1: (PCI:33MHz:32-bit) 08:00:27:29:f9:da
[    4.944458] e1000 0000:00:08.0 eth1: Intel(R) PRO/1000 Network Connection
[    4.945985] e1000 0000:00:03.0 enp0s3: renamed from eth0
[    4.963045] e1000 0000:00:08.0 enp0s8: renamed from eth1
Begin: Loading essential drivers ... [    6.284010] md: linear personality registered for level -1
[    6.286706] md: multipath personality registered for level -4
[    6.289311] md: raid0 personality registered for level 0
[    6.292812] md: raid1 personality registered for level 1
[    6.361712] raid6: sse2x1   gen() 11869 MB/s
[    6.429716] raid6: sse2x1   xor()  8886 MB/s
[    6.497718] raid6: sse2x2   gen() 14555 MB/s
[    6.565717] raid6: sse2x2   xor() 10085 MB/s
[    6.633684] raid6: sse2x4   gen() 13880 MB/s
[    6.701710] raid6: sse2x4   xor() 11133 MB/s
[    6.769715] raid6: avx2x1   gen() 23631 MB/s
[    6.837708] raid6: avx2x2   gen() 26757 MB/s
[    6.905667] raid6: avx2x4   gen() 26688 MB/s
[    6.906383] raid6: using algorithm avx2x2 gen() 26757 MB/s
[    6.907224] raid6: using avx2x2 recovery algorithm
[    6.909067] xor: automatically using best checksumming function:
[    6.963918]    avx       : 64529.000 MB/sec
[    6.965621] async_tx: api initialized (async)
[    6.973571] md: raid6 personality registered for level 6
[    6.974487] md: raid5 personality registered for level 5
[    6.975321] md: raid4 personality registered for level 4
[    6.981015] md: raid10 personality registered for level 10
done.
Begin: Running /scripts/init-premount ... done.
Begin: Mounting root file system ... Begin: Running /scripts/local-top ... done.
Begin: Running /scripts/local-premount ... [    7.008853] Btrfs loaded
Scanning for Btrfs filesystems
done.
Warning: fsck not present, so skipping root file system
[    7.039232] EXT4-fs (sda1): mounted filesystem with ordered data mode. Opts: (null)
done.
Begin: Running /scripts/local-bottom ... done.
Begin: Running /scripts/init-bottom ... done.
[    7.194053] systemd[1]: systemd 229 running in system mode. (+PAM +AUDIT +SELINUX +IMA +APPARMOR +SMACK +SYSVINIT +UTMP +LIBCRYPTSETUP +GCRYPT +GNUTLS +ACL +XZ -LZ4 +SECCOMP +BLKID +ELFUTILS +KMOD -IDN)
[    7.201459] systemd[1]: Detected virtualization oracle.
[    7.203746] systemd[1]: Detected architecture x86-64.

Welcome to [1mUbuntu 16.04.5 LTS[0m!

[    7.218389] systemd[1]: Set hostname to <ubuntu-xenial>.
[    7.414063] systemd[1]: Listening on Journal Audit Socket.
[[0;32m  OK  [0m] Listening on Journal Audit Socket.
[    7.415886] systemd[1]: Created slice User and Session Slice.
[[0;32m  OK  [0m] Created slice User and Session Slice.
[    7.417633] systemd[1]: Created slice System Slice.
[[0;32m  OK  [0m] Created slice System Slice.
[    7.419054] systemd[1]: Reached target Slices.
[[0;32m  OK  [0m] Reached target Slices.
[    7.420389] systemd[1]: Listening on Journal Socket.
[[0;32m  OK  [0m] Listening on Journal Socket.
[    7.421836] systemd[1]: Listening on udev Control Socket.
[[0;32m  OK  [0m] Listening on udev Control Socket.
[    7.433751] systemd[1]: Mounting Debug File System...
         Mounting Debug File System...
[    7.441928] systemd[1]: Reached target Swap.
[[0;32m  OK  [0m] Reached target Swap.
[    7.443452] systemd[1]: Reached target User and Group Name Lookups.
[[0;32m  OK  [0m] Reached target User and Group Name Lookups.
[    7.445971] systemd[1]: Starting Nameserver information manager...
         Starting Nameserver information manager...
[    7.449786] systemd[1]: Listening on LVM2 poll daemon socket.
[[0;32m  OK  [0m] Listening on LVM2 poll daemon socket.
[    7.451986] systemd[1]: Starting Set console keymap...
         Starting Set console keymap...
[    7.453790] systemd[1]: Created slice system-serial\x2dgetty.slice.
[[0;32m  OK  [0m] Created slice system-serial\x2dgetty.slice.
[    7.458551] systemd[1]: Starting Load Kernel Modules...
         Starting Load Kernel Modules...
[    7.460717] systemd[1]: Mounting Huge Pages File System...
         Mounting Huge Pages File System...
[    7.463362] systemd[1]: Listening on Device-mapper event daemon FIFOs.
[[0;32m  OK  [0m] Listening on Device-mapper event daemon FIFOs.
[    7.466106] systemd[1]: Listening on Journal Socket (/dev/log).
[[0;32m  OK  [0m] Listening on Journal Socket (/dev/log).
[    7.467980] systemd[1]: Reached target System Time Synchronized.
[[0;32m  OK  [0m] Reached target System Time Synchronized.
[    7.472613] Loading iSCSI transport class v2.0-870.
[    7.474334] systemd[1]: Mounting POSIX Message Queue File System...
         Mounting POSIX Message Queue File System...
[    7.483933] systemd[1]: Starting Uncomplicated firewall...
         Starting Uncomplicated firewall...
[    7.487022] systemd[1]: Listening on LVM2 metadata daemon socket.
[[0;32m  OK  [0m] Listening on LVM2 metadata daemon socket.
[    7.490773] systemd[1]: Starting Monitoring of LVM2 mirrors, snapshots etc. using dmeventd or progress polling...
         Starting Monitoring of LVM2 mirrors... dmeventd or progress polling...
[    7.503865] systemd[1]: Listening on udev Kernel Socket.
[[0;32m  OK  [0m] Listening on udev Kernel Socket.
[    7.505550] iscsi: registered transport (tcp)
[    7.506055] systemd[1]: Starting Remount Root and Kernel File Systems...
         Starting Remount Root and Kernel File S[    7.515431] EXT4-fs (sda1): re-mounted. Opts: (null)
ystems...
[    7.530693] systemd[1]: Started Forward Password Requests to Wall Directory Watch.
[[0;32m  OK  [0m] Started Forward Password Requests to Wall Directory Watch.
[    7.543848] systemd[1]: Set up automount Arbitrary Executable File Formats File System Automount Point.
[[0;32m  OK  [0m] Set up automount Arbitrary Executab...ats File System Automount Point.
[    7.573797] systemd[1]: Starting Create list of required static device nodes for the current kernel...
         Starting Create list of required st... nodes for the current kernel...
[    7.580299] systemd[1]: Listening on Syslog Socket.
[[0;32m  OK  [0m] Listening on Syslog Socket.
[    7.582533] systemd[1]: Starting Journal Service...
         Starting Journal Service...
[    7.585351] systemd[1]: Listening on /dev/initctl Compatibility Named Pipe.
[    7.605160] iscsi: registered transport (iser)
[[0;32m  OK  [0m] Listening on /dev/initctl Compatibility Named Pipe.
[    7.646314] systemd[1]: Reached target Encrypted Volumes.
[[0;32m  OK  [0m] Reached target Encrypted Volumes.
[    7.693946] systemd[1]: Started Trigger resolvconf update for networkd DNS.
[[0;32m  OK  [0m] Started Trigger resolvconf update for networkd DNS.
[    7.714518] systemd[1]: Mounted POSIX Message Queue File System.
[[0;32m  OK  [0m] Mounted POSIX Message Queue File System.
[    7.725606] systemd[1]: Mounted Debug File System.
[[0;32m  OK  [0m] Mounted Debug File System.
[    7.727122] systemd[1]: Mounted Huge Pages File System.
[[0;32m  OK  [0m] Mounted Huge Pages File System.
[    7.728637] systemd[1]: Started Journal Service.
[[0;32m  OK  [0m] Started Journal Service.
[[0;32m  OK  [0m] Started Set console keymap.
[[0;32m  OK  [0m] Started Load Kernel Modules.
[[0;32m  OK  [0m] Started Uncomplicated firewall.
[[0;32m  OK  [0m] Started Remount Root and Kernel File Systems.
[[0;32m  OK  [0m] Started Create list of required sta...ce nodes for the current kernel.
[[0;32m  OK  [0m] Started Nameserver information manager.
[[0;32m  OK  [0m] Started LVM2 metadata daemon.
         Starting Create Static Device Nodes in /dev...
         Starting Load/Save Random Seed...
[    7.880039] random: nonblocking pool is initialized
         Starting udev Coldplug all Devices...
         Starting Apply Kernel Variables...
         Mounting FUSE Control File System...
         Starting Flush Journal to Persistent Storage...
[[0;32m  OK  [0m] Started Create Static Device Nodes in /dev.
[[0;32m  OK  [0m] Started Load/Save Random Seed.
[[0;32m  OK  [0m] Mounted FUSE Control File System.
[[0;32m  OK  [0m] Started Apply Kernel Variables.
[[0;32m  OK  [0m] Started udev Coldplug all Devices.
[[0;32m  OK  [0m] Started Monitoring of LVM2 mirrors,...ng dmeventd or progress polling.
[[0;32m  OK  [0m] Started Flush Journal to Persistent Storage.
         Starting udev Kernel Device Manager...
[[0;32m  OK  [0m] Started udev Kernel Device Manager.
[[0;32m  OK  [0m] Started Dispatch Password Requests to Console Directory Watch.
[[0;32m  OK  [0m] Reached target Local File Systems (Pre).
[[0;32m  OK  [0m] Reached target Local File Systems.
         Starting Create Volatile Files and Directories...
         Starting Initial cloud-init job (pre-networking)...
         Starting Tell Plymouth To Write Out Runtime Data...
         Starting Set console font and keymap...
         Starting LSB: AppArmor initialization...
[[0;32m  OK  [0m] Started Create Volatile Files and Directories.
         Starting Update UTMP about System Boot/Shutdown...
[[0;32m  OK  [0m] Started Tell Plymouth To Write Out Runtime Data.
[[0;32m  OK  [0m] Started Update UTMP about System Boot/Shutdown.
[[0;32m  OK  [0m] Found device /dev/ttyS0.
[[0;32m  OK  [0m] Started LSB: AppArmor initialization.
[[0;32m  OK  [0m] Listening on Load/Save RF Kill Switch Status /dev/rfkill Watch.
[[0;32m  OK  [0m] Found device 82540EM Gigabit Ethern...r (PRO/1000 MT Desktop Adapter).
[[0;32m  OK  [0m] Found device 82540EM Gigabit Ethern...r (PRO/1000 MT Desktop Adapter).
[    7.017317] cloud-init[498]: Cloud-init v. 18.3-9-g2e62cb8a-0ubuntu1~16.04.2 running 'init-local' at Wed, 24 Apr 2019 08:07:57 +0000. Up 6.76 seconds.
[[0;32m  OK  [0m] Started Initial cloud-init job (pre-networking).
[[0;32m  OK  [0m] Reached target Network (Pre).
         Starting Raise network interfaces...
[[0;32m  OK  [0m] Started ifup for enp0s8.
[[0;32m  OK  [0m] Started ifup for enp0s3.
[[0;32m  OK  [0m] Started Set console font and keymap.
[[0;32m  OK  [0m] Created slice system-getty.slice.
[[0;32m  OK  [0m] Started Raise network interfaces.
[[0;32m  OK  [0m] Reached target Network.
         Starting Initial cloud-init job (metadata service crawler)...
[    7.763551] cloud-init[1092]: Cloud-init v. 18.3-9-g2e62cb8a-0ubuntu1~16.04.2 running 'init' at Wed, 24 Apr 2019 08:07:58 +0000. Up 7.52 seconds.
[    7.795888] [cloud-init[0;32m  OK  [0m[1092]: ] ci-info: ++++++++++++++++++++++++++++++++++++++Net device info+++++++++++++++++++++++++++++++++++++++Started Initial cloud-init job (metadata service crawler).

[    7.840220] [[0;32m  OK  [0m] Reached target System Initialization.
[[0;32m  OK  [0m] Listening on ACPID Listen Socket.
[[0;32m  OK  [0m] Listening on UUID daemon activation socket.
cloud-init[1092]: ci-info: +--------+------+-----------------------------+---------------+--------+-------------------+
[    7.845157] [[0;32m  OK  [0m] Started Daily apt download activities.
         Starting Socket activation for snappy daemon.
cloud-init[1092]: ci-info: | Device |  Up  |           Address           |      Mask     | Scope  |     Hw-Address    |
[    7.904674]          cloud-initStarting LXD - unix socket.[1092]: 
ci-info: +--------+------+-----------------------------+---------------+--------+-------------------+
[    8.120707] [cloud-init[0;32m  OK  [0m[1092]: ] ci-info: | enp0s3 | True |          10.0.2.15          | 255.255.255.0 | global | 02:93:23:4d:82:b3 |Started Daily apt upgrade and clean activities.

[    8.179457] [[0;32m  OK  [0m] Started Daily Cleanup of Temporary Directories.
cloud-init[1092]: ci-info: | enp0s3 | True |  fe80::93:23ff:fe4d:82b3/64 |       .       |  link  | 02:93:23:4d:82:b3 |
[    8.328704] [cloud-init[0;32m  OK  [0m[1092]: ] ci-info: | enp0s8 | True |        192.168.33.20        | 255.255.255.0 | global | 08:00:27:29:f9:da |Started ACPI Events Check.

[    8.344377] [[0;32m  OK  [0m] Reached target Paths.
[[0;32m  OK  [0m] Reached target Timers.
[[0;32m  OK  [0m] Listening on D-Bus System Message Bus Socket.
[[0;32m  OK  [0m] Reached target Network is Online.
cloud-init[1092]: ci-info: | enp0s8 | True | fe80::a00:27ff:fe29:f9da/64 |       .       |  link  | 08:00:27:29:f9:da |
[    8.352862] cloud-init[1092]: ci-info: |   lo   | True |          127.0.0.1          |   255.0.0.0   |  host  |         .         |
[    8.372311] cloud-init[1092]: ci-info: |   lo   | True |           ::1/128           |       .       |  host  |         .         |
[    8.372895] cloud-init[1092]: ci-info: +--------+------+-----------------------------+---------------+--------+-------------------+
[    8.373199] cloud-init[1092]: ci-info: ++++++++++++++++++++++++++++Route IPv4 info++++++++++++++++++++++++++++
[    8.373518] cloud-init[1092]: ci-info: +-------+--------------+----------+---------------+-----------+-------+
[    8.373844] cloud-init[1092]: ci-info: | Route | Destination  | Gateway  |    Genmask    | Interface | Flags |
[    8.374164] cloud-init[1092]: ci-info: +-------+--------------+----------+---------------+-----------+-------+
[    8.374511] cloud-init[1092]: ci-info: |   0   |   0.0.0.0    | 10.0.2.2 |    0.0.0.0    |   enp0s3  |   UG  |
[    8.374829] cloud-init[1092]: ci-info: |   1   |   10.0.2.0   | 0.0.0.0  | 255.255.255.0 |   enp0s3  |   U   |
[    8.375152] cloud-init[1092]: ci-info: |   2   | 192.168.33.0 | 0.0.0.0  | 255.255.255.0 |   enp0s8  |   U   |
[    8.375493] cloud-init[1092]: ci-info: +-------+--------------+----------+---------------+-----------+-------+
[    8.375809] cloud-init[1092]: ci-info: +++++++++++++++++++Route IPv6 info+++++++++++++++++++
[    8.378459] cloud-init[1092]: ci-info: +-------+-------------+---------+-----------+-------+
[    8.379530] cloud-init[1092]: ci-info: | Route | Destination | Gateway | Interface | Flags |
[    8.379689] cloud-init[1092]: ci-info: +-------+-------------+---------+-----------+-------+
[    8.379974] cloud-init[1092]: ci-info: |   0   |  fe80::/64  |    ::   |   enp0s8  |   U   |
[    8.380578] cloud-init[1092]: ci-info: |   1   |  fe80::/64  |    ::   |   enp0s3  |   U   |
[    8.380873] cloud-init[1092]: ci-info: |   4   |   ff00::/8  |    ::   |   enp0s8  |   U   |
[    8.381182] cloud-init[1092]: ci-info: |   5   |   ff00::/8  |    ::   |   enp0s3  |   U   |
[    8.381470] cloud-init[1092]: ci-info: +-------+-------------+---------+-----------+-------+
         Starting iSCSI initiator daemon (iscsid)...
[[0;32m  OK  [0m] Reached target Cloud-config availability.
[[0;32m  OK  [0m] Listening on Socket activation for snappy daemon.
[[0;32m  OK  [0m] Listening on LXD - unix socket.
[[0;32m  OK  [0m] Started iSCSI initiator daemon (iscsid).
         Starting Login to default iSCSI targets...
[[0;32m  OK  [0m] Reached target Sockets.
[[0;32m  OK  [0m] Reached target Basic System.
         Starting Accounts Service...
[[0;32m  OK  [0m] Started Deferred execution scheduler.
[[0;32m  OK  [0m] Started Unattended Upgrades Shutdown.
         Starting Virtualbox guest utils...
[[0;32m  OK  [0m] Started Regular background program processing daemon.
         Starting The PHP 7.0 FastCGI Process Manager...
         Starting Login Service...
[[0;32m  OK  [0m] Started D-Bus System Message Bus.
[[0;32m  OK  [0m] Started ACPI event daemon.
[[0;32m  OK  [0m] Started FUSE filesystem for LXC.
         Starting LSB: MD monitoring daemon...
         Starting /etc/rc.local Compatibility...
         Starting LSB: Record successful boot for GRUB...
         Starting LXD - container startup/shutdown...
         Starting System Logging Service...
         Starting OpenBSD Secure Shell server...
         Starting Snappy daemon...
[[0;32m  OK  [0m] Started /etc/rc.local Compatibility.
[[0;32m  OK  [0m] Started System Logging Service.
[[0;32m  OK  [0m] Started Login to default iSCSI targets.
[[0;32m  OK  [0m] Started Login Service.
         Starting Authenticate and Authorize Users to Run Privileged Tasks...
[[0;32m  OK  [0m] Reached target Remote File Systems (Pre).
[[0;32m  OK  [0m] Reached target Remote File Systems.
         Starting LSB: daemon to balance interrupts for SMP systems...
         Starting Permit User Sessions...
         Starting LSB: Set the CPU Frequency Scaling governor to "ondemand"...
         Starting LSB: Apache2 web server...
         Starting LSB: automatic crash report generation...
[[0;32m  OK  [0m] Started LSB: Record successful boot for GRUB.
[[0;32m  OK  [0m] Started Permit User Sessions.
[[0;32m  OK  [0m] Started LSB: MD monitoring daemon.
[[0;32m  OK  [0m] Started OpenBSD Secure Shell server.
[[0;32m  OK  [0m] Started Authenticate and Authorize Users to Run Privileged Tasks.
         Starting Hold until boot process finishes up...
         Starting Terminate Plymouth Boot Screen...
[[0;32m  OK  [0m] Started The PHP 7.0 FastCGI Process Manager.
[[0;32m  OK  [0m] Started Virtualbox guest utils.
[[0;32m  OK  [0m] Started LSB: daemon to balance interrupts for SMP systems.
[[0;32m  OK  [0m] Started LSB: Set the CPU Frequency Scaling governor to "ondemand".
[[0;32m  OK  [0m] Started LSB: automatic crash report generation.
[[0;32m  OK  [0m] Started Hold until boot process finishes up.
[[0;32m  OK  [0m] Started Terminate Plymouth Boot Screen.
[[0;32m  OK  [0m] Started Accounts Service.
[[0;32m  OK  [0m] Started Getty on tty1.
         Starting Set console scheme...
[[0;32m  OK  [0m] Started Serial Getty on ttyS0.
[[0;32m  OK  [0m] Reached target Login Prompts.
[[0;32m  OK  [0m] Started LXD - container startup/shutdown.
[[0;32m  OK  [0m] Started Set console scheme.
[[0;32m  OK  [0m] Started Snappy daemon.
         Starting Wait until snapd is fully seeded...
[[0;32m  OK  [0m] Started Wait until snapd is fully seeded.
         Starting Apply the settings specified in cloud-config...
[    9.393566] cloud-init[1374]: Cloud-init v. 18.3-9-g2e62cb8a-0ubuntu1~16.04.2 running 'modules:config' at Wed, 24 Apr 2019 08:08:00 +0000. Up 9.30 seconds.
[[0;32m  OK  [0m] Started Apply the settings specified in cloud-config.
[[0;32m  OK  [0m] Started LSB: Apache2 web server.
[[0;32m  OK  [0m] Reached target Multi-User System.
         Starting Execute cloud user/final scripts...
[[0;32m  OK  [0m] Reached target Graphical Interface.
         Starting Update UTMP about System Runlevel Changes...
[[0;32m  OK  [0m] Started Update UTMP about System Runlevel Changes.
[   10.329126] cloud-init[1385]: Cloud-init v. 18.3-9-g2e62cb8a-0ubuntu1~16.04.2 running 'modules:final' at Wed, 24 Apr 2019 08:08:01 +0000. Up 10.24 seconds.
[   10.344392] cloud-init[1385]: Cloud-init v. 18.3-9-g2e62cb8a-0ubuntu1~16.04.2 finished at Wed, 24 Apr 2019 08:08:01 +0000. Datasource DataSourceNoCloud [seed=/dev/sdb][dsmode=net].  Up 10.32 seconds
[[0;32m  OK  [0m] Started Execute cloud user/final scripts.
[[0;32m  OK  [0m] Reached target Cloud-init target.

Ubuntu 16.04.5 LTS ubuntu-xenial ttyS0

ubuntu-xenial login:          Stopping ACPI event daemon...
         Stopping Session 78 of user vagrant.
[[0;32m  OK  [0m] Closed Load/Save RF Kill Switch Status /dev/rfkill W         Stopping Virtualbox guest utils...
         Stopping FUSE filesystem for LXC...
         Stopping The PHP 7.0 FastCGI Process Manager...
         Stopping System Logging Service...
         Stopping Deferred execution scheduler...
         Stopping LXD - container startup/shutdown...
         Stopping Regular background program processing daemon...
[[0;32m  OK  [0m] Stopped Wait until snapd is fully seeded.
         Stopping Unattended Upgrades Shutdown...
         Stopping D-Bus System Message Bus...
         Stopping LSB: Set the CPU Frequency Scaling governor to "ondemand"...
         Stopping LSB: Apache2 web server...
         Stopping LSB: MD monitoring daemon...
         Stopping LSB: daemon to balance interrupts for SMP systems...
         Stopping Getty on tty1...
         Stopping User Manager for UID 1000...
         Stopping OpenBSD Secure Shell server...
[[0;32m  OK  [0m] Stopped Daily apt download activities.
[[0;32m  OK  [0m] Stopped target System Time Synchronized.
         Stopping LSB: automatic crash report generation...
         Stopping LSB: Record successful boot for GRUB...
[[0;32m  OK  [0m] Unmounted /var/lib/lxcfs.
[[0;32m  OK  [0m] Stopped Accounts Service.
[[0;32m  OK  [0m] Stopped Deferred execution scheduler.
[[0;32m  OK  [0m] Stopped Regular background program processing daemon.
[[0;32m  OK  [0m] Stopped ACPI event daemon.
[[0;32m  OK  [0m] Stopped System Logging Service.
[[0;32m  OK  [0m] Stopped Authenticate and Authorize Users to Run Privileged Tasks.
[[0;32m  OK  [0m] Stopped OpenBSD Secure Shell server.
[[0;32m  OK  [0m] Stopped The PHP 7.0 FastCGI Process Manager.
[[0;32m  OK  [0m] Stopped Getty on tty1.
[[0;32m  OK  [0m] Stopped Serial Getty on ttyS0.
[[0;32m  OK  [0m] Stopped User Manager for UID 1000.
[[0;32m  OK  [0m] Stopped Session 78 of user vagrant.
[[0;32m  OK  [0m] Stopped Unattended Upgrades Shutdown.
[[0;32m  OK  [0m] Stopped D-Bus System Message Bus.
[[0;32m  OK  [0m] Stopped FUSE filesystem for LXC.
[[0;32m  OK  [0m] Stopped Virtualbox guest utils.
[[0;32m  OK  [0m] Stopped LXD - container startup/shutdown.
[[0;32m  OK  [0m] Stopped LSB: MD monitoring daemon.
[[0;32m  OK  [0m] Stopped LSB: daemon to balance interrupts for SMP systems.
[[0;32m  OK  [0m] Stopped LSB: Set the CPU Frequency Scaling governor to "ondemand".
[[0;32m  OK  [0m] Stopped LSB: automatic crash report generation.
[[0;32m  OK  [0m] Stopped LSB: Record successful boot for GRUB.
[[0;32m  OK  [0m] Removed slice User Slice of vagrant.
         Stopping Login Service...
[[0;32m  OK  [0m] Removed slice system-serial\x2dgetty.slice.
         Stopping Permit User Sessions...
[[0;32m  OK  [0m] Removed slice system-getty.slice.
[[0;32m  OK  [0m] Stopped /etc/rc.local Compatibility.
[[0;32m  OK  [0m] Stopped Permit User Sessions.
[[0;32m  OK  [0m] Stopped Login Service.
[[0;32m  OK  [0m] Stopped target User and Group Name Lookups.
[[0;32m  OK  [0m] Stopped LSB: Apache2 web server.
[[0;32m  OK  [0m] Stopped target Remote File Systems.
[[0;32m  OK  [0m] Stopped target Remote File Systems (Pre).
         Stopping Login to default iSCSI targets...
[[0;32m  OK  [0m] Stopped target Basic System.
[[0;32m  OK  [0m] Stopped target Slices.
[[0;32m  OK  [0m] Removed slice User and Session Slice.
[[0;32m  OK  [0m] Stopped target Paths.
[[0;32m  OK  [0m] Stopped Forward Password Requests to Wall Directory Watch.
[[0;32m  OK  [0m] Stopped Dispatch Password Requests to Console Directory Watch.
[[0;32m  OK  [0m] Stopped ACPI Events Check.
[[0;32m  OK  [0m] Stopped target Sockets.
[[0;32m  OK  [0m] Closed UUID daemon activation socket.
[[0;32m  OK  [0m] Closed LXD - unix socket.
[[0;32m  OK  [0m] Closed ACPID Listen Socket.
[[0;32m  OK  [0m] Closed D-Bus System Message Bus Socket.
[[0;32m  OK  [0m] Closed Syslog Socket.
[[0;32m  OK  [0m] Closed Socket activation for snappy daemon.
[[0;32m  OK  [0m] Stopped target System Initialization.
[[0;32m  OK  [0m] Stopped target Swap.
[[0;32m  OK  [0m] Stopped Create Volatile Files and Directories.
         Stopping Load/Save Random Seed...
[[0;32m  OK  [0m] Stopped target Encrypted Volumes.
[[0;32m  OK  [0m] Stopped Load/Save Random Seed.
[[0;32m  OK  [0m] Stopped Login to default iSCSI targets.
         Stopping iSCSI initiator daemon (iscsid)...
[[0;32m  OK  [0m] Stopped iSCSI initiator daemon (iscsid).
[[0;32m  OK  [0m] Stopped target Network is Online.
[[0;32m  OK  [0m] Stopped Initial cloud-init job (metadata service crawler).
[[0;32m  OK  [0m] Stopped target Network.
         Stopping Raise network interfaces...
[[0;32m  OK  [0m] Stopped Raise network interfaces.
[[0;32m  OK  [0m] Stopped target Network (Pre).
[[0;32m  OK  [0m] Stopped Initial cloud-init job (pre-networking).
[[0;32m  OK  [0m] Stopped target Local File Systems.
         Unmounting /vagrant...
         Unmounting /var/www/html...
         Unmounting /run/user/1000...
[[0;32m  OK  [0m] Stopped Apply Kernel Variables.
[[0;32m  OK  [0m] Stopped Load Kernel Modules.
[[0;32m  OK  [0m] Unmounted /vagrant.
[[0;32m  OK  [0m] Unmounted /var/www/html.
[[0;32m  OK  [0m] Unmounted /run/user/1000.
[[0;32m  OK  [0m] Reached target Unmount All Filesystems.
[[0;32m  OK  [0m] Stopped target Local File Systems (Pre).
         Stopping Monitoring of LVM2 mirrors... dmeventd or progress polling...
[[0;32m  OK  [0m] Stopped Remount Root and Kernel File Systems.
[[0;32m  OK  [0m] Stopped Create Static Device Nodes in /dev.
[[0;32m  OK  [0m] Reached target Shutdown.
[83411.404055] reboot: Power down
