[    0.000000] Initializing cgroup subsys cpuset
[    0.000000] Initializing cgroup subsys cpu
[    0.000000] Initializing cgroup subsys cpuacct
[    0.000000] Linux version 4.4.0-134-generic (buildd@lgw01-amd64-033) (gcc version 5.4.0 20160609 (Ubuntu 5.4.0-6ubuntu1~16.04.10) ) #160-Ubuntu SMP Wed Aug 15 14:58:00 UTC 2018 (Ubuntu 4.4.0-134.160-generic 4.4.140)
[    0.000000] Command line: BOOT_IMAGE=/boot/vmlinuz-4.4.0-134-generic root=LABEL=cloudimg-rootfs ro console=tty1 console=ttyS0
[    0.000000] KERNEL supported cpus:
[    0.000000]   Intel GenuineIntel
[    0.000000]   AMD AuthenticAMD
[    0.000000]   Centaur CentaurHauls
[    0.000000] x86/fpu: xstate_offset[2]:  576, xstate_sizes[2]:  256
[    0.000000] x86/fpu: Supporting XSAVE feature 0x01: 'x87 floating point registers'
[    0.000000] x86/fpu: Supporting XSAVE feature 0x02: 'SSE registers'
[    0.000000] x86/fpu: Supporting XSAVE feature 0x04: 'AVX registers'
[    0.000000] x86/fpu: Enabled xstate features 0x7, context size i 8 btes,usg tandardfoat.
[    00000 e820: BIOS-provided physical RAM map:
[    0.000000] BIOS-e820: [mem 0x00000000000000-0x000000000009fbff] usable
[    0.000000] BIOS-e820: [mem 0x000000000009fc00-0x000000000009ffff] reserved
[    0.000000] BIOS-e820: [mem 0x0000000000f0000-0x0000000000fffff] reserved
[    0.000000] BIOS-e820: [mem 0x0000000000100000-0x000000003ffeffff] usable
[    0.000000] BIOS-e820: [mem 0x000000003fff0000-0x000000003fffffff] ACPI data
[    0.000000] BIOS-20[memx000000f000-0x0000ec00ff rerve
[  .00000 BS-e8: em0x0000fee000x0000000fe0ff] resve
[    0.000000] BIOS-e820: [mem 0x00000000fffc0000-0x00000000ffffffff] reserved
[    0.000000] NX (Execute Disable) protection: active
[    0.000000] SMBIOS 2.5 present.
[    0.000000] Hypervisor detected: KVM
[    0.000000] e820: last_pfn = 0x3fff0 max_arch_pfn = 0x400000000
[    0.000000] MTRR: Disabled
[    0.000000] x86/PAT: MTRRs disabled, skipping PAT initialization too.
[    0.000000] CPU MTRRs all blank - virtualized system.
[    0.000000] x86/PAT: Configuration [0-7]: WB  WT  UC- UC  WB  WT  UC- UC  
[    0.000000] found SMP MP-table at [mem 0x0009fff0-0x0009ffff] mapped at [ffff88000009fff0]
[    0.000000] Scanning 1 areas for low memory corruption
[    0.000000] RAMDISK: [mem 0x3630c000-0x3717dfff]
[    0.000000] ACPI: Early table checksum verification disabled
[    0.000000] ACPI: RSDP 0x00000000000E0000 000024 (v02 VBOX  )
[    0.000000] ACPI: XSDT 0x000000003FFF0030 00003C (v01 VBOX   VBOXXSDT 00000001 ASL  00000061)
[    0.000000] ACPI: FACP 0x000000003FFF00F0 0000F4 (v04 VBOX   VBOXFACP 00000001 ASL  00000061)
[    0.000000] ACPI: DSDT 0x000000003FFF0470 0021FF (v02 VBOX   VBOXBIOS 00000002 INTL 20180105)
[    0.000000] ACPI: FACS 0x000000003FFF0200 000040
[    0.000000] ACPI: FACS 0x000000003FFF0200 000040
[    0.000000] ACPI: APIC 0x000000003FFF0240 00005C (v02 VBOX   VBOXAPIC 00000001 ASL  00000061)
[    0.000000] ACPI: SSDT 0x000000003FFF02A0 0001CC (v01 VBOX   VBOXCPUT 00000002 INTL 20180105)
[    0.000000] No NUMA configuration found
[    0.000000] Faking a node at [mem 0x0000000000000000-0x000000003ffeffff]
[    0.000000] NODE_DATA(0) allocated [mem 0x3ffeb000-0x3ffeffff]
[    0.000000] kvm-clock: Using msrs 4b564d01 and 4b564d00
[    0.000000] kvm-clock: cpu 0, msr 0:3ffe3001, primary cpu clock
[    0.000000] kvm-clock: using sched offset of 3081731210 cycles
[    0.000000] clocksource: kvm-clock: mask: 0xffffffffffffffff max_cycles: 0x1cd42e4dffb, max_idle_ns: 881590591483 ns
[    0.000000] Zone ranges:
[    0.000000]   DMA      [mem 0x0000000000001000-0x0000000000ffffff]
[    0.000000]   DMA32    [mem 0x0000000001000000-0x000000003ffeffff]
[    0.000000]   Normal   empty
[    0.000000]   Device   empty
[    0.000000] Movable zone start for each node
[    0.000000] Early memory node ranges
[    0.000000]   node   0: [mem 0x0000000000001000-0x000000000009efff]
[    0.000000]   node   0: [mem 0x0000000000100000-0x000000003ffeffff]
[    0.000000] Initmem setup node 0 [mem 0x0000000000001000-0x000000003ffeffff]
[    0.000000] ACPI: PM-Timer IO Port: 0x4008
[    0.000000] IOAPIC[0]: apic_id 2, version 32, address 0xfec00000, GSI 0-23
[    0.000000] ACPI: INT_SRC_OVR (bus 0 bus_irq 0 global_irq 2 dfl dfl)
[    0.000000] ACPI: INT_SRC_OVR (bus 0 bus_irq 9 global_irq 9 low level)
[    0.000000] Using ACPI (MADT) for SMP configuration information
[    0.000000] smpboot: Allowing 2 CPUs, 0 hotplug CPUs
[    0.000000] PM: Registered nosave memory: [mem 0x00000000-0x00000fff]
[    0.000000] PM: Registered nsave memor: em0x009f0-0009ffff]
[  .000000] PM: Registered nosave memory: [mem 0x000a0000-0x000effff]
[    0.000000] PM: Registered nosave memory: [mem 0x000f0000-0x000fffff]
[    0.000000] e820: [mem 0x40000000-0xfebfffff] available for PCI devices
[    0.000000] Booting paravirtualized kernel on KVM
[    0.000000] clocksource: refined-jiffies: mask: 0xffffffff max_cycles: 0xffffffff, max_idle_ns: 7645519600211568 ns
[    0.000000] setup_percpu: NR_CPUS:512 nr_cpumask_bits:512 nr_cpu_ids:2 nr_node_ids:1
[    0.000000] PERCPU: Embedded 34 pages/cpu @ffff88003fc00000 s99544 r8192 d31528 u1048576
[    0.000000] PV qspinlock hash table entries: 256 (order: 0, 4096 bytes)
[    0.000000] Built 1 zonelists in Node order, mobility grouping on.  Total pages: 257912
[    0.000000] Policy zone: DMA32
[    0.000000] Kernel command line: BOOT_IMAGE=/boot/vmlinuz-4.4.0-134-generic root=LABEL=cloudimg-rootfs ro console=tty1 console=ttyS0
[    0.000000] PID hash table entries: 4096 (order: 3, 32768 bytes)
[    0.000000] Memory: 997724K/1048120K available (8554K kernel code, 1314K rwdata, 4004K rodata, 1516K init, 1316K bss, 50396K reserved, 0K cma-reserved)
[    0.000000] SLUB: HWalign=64, Order=0-3, MinObjects=0, CPUs=2, Nodes=1
[    0.000000] Kernel/User page tables isolation: enabled
[    0.000000] Hierarchical RCU implementation.
[    0.000000] 	Build-time adjustment of leaf fanout to 64.
[    0.000000] 	RCU restricting CPUs from NR_CPUS=512 to nr_cpu_ids=2.
[    0.000000] RCU: Adjusting geometry for rcu_fanout_leaf=64, nr_cpu_ids=2
[    0.000000] NR_IRQS:33024 nr_irqs:440 16
[    0.000000] Console: colour VGA+ 80x25
[    0.000000] console [tty1] enabled
[    0.000000] console [ttyS0] enabled
[    0.000000] tsc: Detected 2207.998 MHz processor
[    1.233404] Calibrating delay loop (skipped) preset value.. 4415.99 BogoMIPS (lpj=8831992)
[    1.234805] pid_max: default: 32768 minimum: 301
[    1.235562] ACPI: Core revision 20150930
[    1.237020] ACPI: 2 ACPI AML tables successfully acquired and loaded
[    1.238126] Security Framework initialized
[    1.238814] Yama: becoming mindful.
[    1.239443] AppArmor: AppArmor initialized
[    1.240192] Dentry cache hash table entries: 131072 (order: 8, 1048576 bytes)
[    1.241793] Inode-cache hash table entries: 65536 (order: 7, 524288 bytes)
[    1.242877] Mount-cache hash table entries: 2048 (order: 2, 16384 bytes)
[    1.243854] Mountpoint-cache hash table entries: 2048 (order: 2, 16384 bytes)
[    1.245020] Initializing cgroup subsys io
[    1.245720] Initializing cgroup subsys memory
[    1.246444] Initializing cgroup subsys devices
[    1.247177] Initializing cgroup subsys freezer
[    1.247908] Initializing cgroup subsys net_cls
[    1.248655] Initializing cgroup subsys perf_event
[    1.249423] Initializing cgroup subsys net_prio
[    1.250165] Initializing cgroup subsys hugetlb
[    1.250895] Initializing cgroup subsys pids
[    1.253237] mce: CPU supports 0 MCE banks
[    1.253924] Last level iTLB entries: 4KB 64, 2MB 8, 4MB 8
[    1.254752] Last level dTLB entries: 4KB 64, 2MB 0, 4MB 0, 1GB 4
[    1.255647] Spectre V2 : Mitigation: Full generic retpoline
[    1.256508] Spectre V2 : Speculation control IBPB not-supported IBRS not-supported
[    1.257575] Spectre V2 : Filling RSB on context switch
[    1.258613] Speculative Store Bypass: Vulnerable
[    1.261385] Freeing SMP alternatives memory: 32K
[    1.268767] ftrace: allocating 32266 entries in 127 pages
[    1.316616] smpboot: APIC(0) Converting physical 0 to logical package 0
[    1.317671] smpboot: Max logical packages: 1
[    1.318604] x2apic enabled
[    1.319322] Switched APIC routing to physical x2apic.
[    1.321071] ..TIMER: vector=0x30 apic1=0 pin1=2 apic2=-1 pin2=-1
[    1.429546] APIC calibration not consistent with PM-Timer: 101ms instead of 100ms
[    1.430799] APIC delta adjusted to PM-Timer: 6249997 (6350447)
[    1.431712] smpboot: CPU0: Intel(R) Core(TM) i5-7260U CPU @ 2.20GHz (family: 0x6, model: 0x8e, stepping: 0x9)
[    1.433383] Performance Events: unsupported p6 CPU model 142 no PMU driver, software events only.
[    1.434885] KVM setup paravirtual spinlock
[    1.436193] x86: Booting SMP configuration:
[    1.436896] .... node  #0, CPUs:      #1
[    1.437672] kvm-clock: cpu 1, msr 0:3ffe3041, secondary cpu clock
[    1.439856] mce: CPU supports 0 MCE banks
[    1.442201] x86: Booted up 1 node, 2 CPUs
[    1.443039] smpboot: Total of 2 processors activated (8831.99 BogoMIPS)
[    1.444346] devtmpfs: initialized
[    1.445900] evm: security.selinux
[    1.446491] evm: security.SMACK64
[    1.447078] evm: security.SMACK64EXEC
[    1.447704] evm: security.SMACK64TRANSMUTE
[    1.448388] evm: security.SMACK64MMAP
[    1.449014] evm: security.ima
[    1.454853] evm: security.capability
[    1.455642] clocksource: jiffies: mask: 0xffffffff max_cycles: 0xffffffff, max_idle_ns: 7645041785100000 ns
[    1.457163] futex hash table entries: 512 (order: 3, 32768 bytes)
[    1.458206] pinctrl core: initialized pinctrl subsystem
[    1.459104] RTC time: 14:09:10, date: 04/24/19
[    1.460006] NET: Registered protocol family 16
[    1.472496] cpuidle: using governor ladder
[    1.484181] cpuidle: using governor menu
[    1.484945] PCCT header not found.
[    1.485658] ACPI: bus type PCI registered
[    1.486342] acpiphp: ACPI Hot Plug PCI Controller Driver version: 0.5
[    1.487419] PCI: Using configuration type 1 for base access
[    1.500859] ACPI: Added _OSI(Module Device)
[    1.501580] ACPI: Added _OSI(Processor Device)
[    1.502314] ACPI: Added _OSI(3.0 _SCP Extensions)
[    1.503079] ACPI: Added _OSI(Processor Aggregator Device)
[    1.504490] ACPI: Executed 1 blocks of module-level executable AML code
[    1.507238] ACPI: Interpreter enabled
[    1.507878] ACPI: (supports S0 S5)
[    1.508483] ACPI: Using IOAPIC for interrupt routing
[    1.509392] PCI: Using host bridge windows from ACPI; if necessary, use "pci=nocrs" and report a bug
[    1.513589] ACPI: PCI Root Bridge [PCI0] (domain 0000 [bus 00-ff])
[    1.514543] acpi PNP0A03:00: _OSC: OS supports [ASPM ClockPM Segments MSI]
[    1.515586] acpi PNP0A03:00: _OSC: not requesting OS control; OS requires [ExtendedConfig ASPM ClockPM MSI]
[    1.517138] acpi PNP0A03:00: fail to add MMCONFIG information, can't access extended PCI configuration space under this bridge.
[    1.519027] PCI host bridge to bus 0000:00
[    1.519709] pci_bus 0000:00: root bus resource [io  0x0000-0x0cf7 window]
[    1.520708] pci_bus 0000:00: root bus resource [io  0x0d00-0xffff window]
[    1.521712] pci_bus 0000:00: root bus resource [mem 0x000a0000-0x000bffff window]
[    1.522974] pci_bus 0000:00: root bus resource [mem 0x40000000-0xfdffffff window]
[    1.524230] pci_bus 0000:00: root bus resource [bus 00-ff]
[    1.526215] pci 0000:00:01.1: legacy IDE quirk: reg 0x10: [io  0x01f0-0x01f7]
[    1.527275] pci 0000:00:01.1: legacy IDE quirk: reg 0x14: [io  0x03f6]
[    1.535974] pci 0000:00:01.1: legacy IDE quirk: reg 0x18: [io  0x0170-0x0177]
[    1.537028] pci 0000:00:01.1: legacy IDE quirk: reg 0x1c: [io  0x0376]
[    1.549121] pci 0000:00:07.0: quirk: [io  0x4000-0x403f] claimed by PIIX4 ACPI
[    1.550390] pci 0000:00:07.0: quirk: [io  0x4100-0x410f] claimed by PIIX4 SMB
[    1.557573] ACPI: PCI Interrupt Link [LNKA] (IRQs 5 9 10 *11)
[    1.571197] ACPI: PCI Interrupt Link [LNKB] (IRQs 5 9 *10 11)
[    1.573582] ACPI: PCI Interrupt Link [LNKC] (IRQs 5 *9 10 11)
[    1.574835] ACPI: PCI Interrupt Link [LNKD] (IRQs 5 9 10 *11)
[    1.576124] ACPI: Enabled 2 GPEs in block 00 to 07
[    1.577299] vgaarb: setting as boot device: PCI:0000:00:02.0
[    1.578162] vgaarb: device added: PCI:0000:00:02.0,decodes=io+mem,owns=io+mem,locks=none
[    1.584662] vgaarb: loaded
[    1.591558] vgaarb: bridge control possible 0000:00:02.0
[    1.592478] SCSI subsystem initialized
[    1.593141] ACPI: bus type USB registered
[    1.593756] usbcore: registered new interface driver usbfs
[    1.594491] usbcore: registered new interface driver hub
[    1.595231] usbcore: registered new device driver usb
[    1.596567] PCI: Using ACPI for IRQ routing
[    1.597512] NetLabel: Initializing
[    1.598132] NetLabel:  domain hash size = 128
[    1.598855] NetLabel:  protocols = UNLABELED CIPSOv4
[    1.599661] NetLabel:  unlabeled traffic allowed by default
[    1.600676] amd_nb: Cannot enumerate AMD northbridges
[    1.601548] clocksource: Switched to clocksource kvm-clock
[    1.607605] AppArmor: AppArmor Filesystem Enabled
[    1.608459] pnp: PnP ACPI init
[    1.609608] pnp: PnP ACPI: found 3 devices
[    1.618114] clocksource: acpi_pm: mask: 0xffffff max_cycles: 0xffffff, max_idle_ns: 2085701024 ns
[    1.619593] NET: Registered protocol family 2
[    1.620451] TCP established hash table entries: 8192 (order: 4, 65536 bytes)
[    1.621536] TCP bind hash table entries: 8192 (order: 5, 131072 bytes)
[    1.622544] TCP: Hash tables configured (established 8192 bind 8192)
[    1.623518] UDP hash table entries: 512 (order: 2, 16384 bytes)
[    1.624431] UDP-Lite hash table entries: 512 (order: 2, 16384 bytes)
[    1.625423] NET: Registered protocol family 1
[    1.626156] pci 0000:00:00.0: Limiting direct PCI/PCI transfers
[    1.627060] pci 0000:00:01.0: Activating ISA DMA hang workarounds
[    1.628066] Unpacking initramfs...
[    1.801394] Freeing initrd memory: 14792K
[    2.218935] platform rtc_cmos: registered platform RTC device (no PNP device found)
[    2.220214] Scanning for low memory corruption every 60 seconds
[    2.221420] audit: initializing netlink subsys (disabled)
[    2.222283] audit: type=2000 audit(1556114954.627:1): initialized
[    2.223404] Initialise system trusted keyring
[    2.224266] HugeTLB registered 2 MB page size, pre-allocated 0 pages
[    2.226305] zbud: loaded
[    2.227155] VFS: Disk quotas dquot_6.6.0
[    2.227839] VFS: Dquot-cache hash table entries: 512 (order 0, 4096 bytes)
[    2.229045] squashfs: version 4.0 (2009/01/31) Phillip Lougher
[    2.230187] fuse init (API version 7.23)
[    2.230945] Key type big_key registered
[    2.231610] Allocating IMA MOK and blacklist keyrings.
[    2.233154] Key type asymmetric registered
[    2.233839] Asymmetric key parser 'x509' registered
[    2.234652] Block layer SCSI generic (bsg) driver version 0.4 loaded (major 249)
[    2.235950] io scheduler noop registered
[    2.236605] io scheduler deadline registered (default)
[    2.237428] io scheduler cfq registered
[    2.238165] pci_hotplug: PCI Hot Plug PCI Core version: 0.5
[    2.239011] pciehp: PCI Express Hot Plug Controller Driver version: 0.4
[    2.240063] ACPI: AC Adapter [AC] (on-line)
[    2.240789] input: Power Button as /devices/LNXSYSTM:00/LNXPWRBN:00/input/input0
[    2.242005] ACPI: Power Button [PWRF]
[    2.242692] input: Sleep Button as /devices/LNXSYSTM:00/LNXSLPBN:00/input/input1
[    2.243907] ACPI: Sleep Button [SLPF]
[    2.244707] GHES: HEST is not enabled!
[    2.245430] Serial: 8250/16550 driver, 32 ports, IRQ sharing enabled
[    2.267729] 00:02: ttyS0 at I/O 0x3f8 (irq = 4, base_baud = 115200) is a 16550A
[    2.269881] Linux agpgart interface v0.103
[    2.272010] loop: module loaded
[    2.273092] scsi host0: ata_piix
[    2.273863] scsi host1: ata_piix
[    2.274467] ata1: PATA max UDMA/33 cmd 0x1f0 ctl 0x3f6 bmdma 0xd000 irq 14
[    2.275456] ata2: PATA max UDMA/33 cmd 0x170 ctl 0x376 bmdma 0xd008 irq 15
[    2.276511] libphy: Fixed MDIO Bus: probed
[    2.277210] tun: Universal TUN/TAP device driver, 1.6
[    2.278021] tun: (C) 1999-2004 Max Krasnyansky <maxk@qualcomm.com>
[    2.278968] PPP generic driver version 2.4.2
[    2.279719] ehci_hcd: USB 2.0 'Enhanced' Host Controller (EHCI) Driver
[    2.280690] ehci-pci: EHCI PCI platform driver
[    2.281430] ehci-platform: EHCI generic platform driver
[    2.282273] ohci_hcd: USB 1.1 'Open' Host Controller (OHCI) Driver
[    2.283206] ohci-pci: OHCI PCI platform driver
[    2.283941] ohci-platform: OHCI generic platform driver
[    2.284766] uhci_hcd: USB Universal Host Controller Interface driver
[    2.285763] i8042: PNP: PS/2 Controller [PNP0303:PS2K,PNP0f03:PS2M] at 0x60,0x64 irq 1,12
[    2.287557] serio: i8042 KBD port at 0x60,0x64 irq 1
[    2.288350] serio: i8042 AUX port at 0x60,0x64 irq 12
[    2.289252] mousedev: PS/2 mouse device common for all mice
[    2.290443] rtc_cmos rtc_cmos: rtc core: registered rtc_cmos as rtc0
[    2.291468] rtc_cmos rtc_cmos: alarms up to one day, 114 bytes nvram
[    2.292457] input: AT Translated Set 2 keyboard as /devices/platform/i8042/serio0/input/input2
[    2.293893] i2c /dev entries driver
[    2.294626] device-mapper: uevent: version 1.0.3
[    2.295434] device-mapper: ioctl: 4.34.0-ioctl (2015-10-28) initialised: dm-devel@redhat.com
[    2.296803] ledtrig-cpu: registered to indicate activity on CPUs
[    2.298087] NET: Registered protocol family 10
[    2.309370] NET: Registered protocol family 17
[    2.310130] Key type dns_resolver registered
[    2.311016] registered taskstats version 1
[    2.311719] Loading compiled-in X.509 certificates
[    2.312960] Loaded X.509 cert 'Build time autogenerated kernel key: 4eb3d024ac16f76c1747ffd474694c84db21038b'
[    2.314532] zswap: loaded using pool lzo/zbud
[    2.316733] Key type trusted registered
[    2.320025] Key type encrypted registered
[    2.320720] AppArmor: AppArmor sha1 policy hashing enabled
[    2.321573] ima: No TPM chip found, activating TPM-bypass!
[    2.322446] ima: Allocated hash algorithm: sha1
[    2.323196] evm: HMAC attrs: 0x1
[    2.324056]   Magic number: 15:890:182
[    2.324816] rtc_cmos rtc_cmos: setting system clock to 2019-04-24 14:09:11 UTC (1556114951)
[    2.326308] BIOS EDD facility v0.16 2004-Jun-25, 0 devices found
[    2.327211] EDD information not available.
[    2.434476] Freeing unused kernel memory: 1516K
[    2.479047] Write protecting the kernel read-only data: 14336k
[    2.480427] Freeing unused kernel memory: 1672K
[    2.481382] Freeing unused kernel memory: 92K
Loading, please wait...
starting version 229
[    2.492344] random: systemd-udevd: uninitialized urandom read (16 bytes read, 3 bits of entropy available)
[    2.493029] random: udevadm: uninitialized urandom read (16 bytes read, 3 bits of entropy available)
[    2.493048] random: udevadm: uninitialized urandom read (16 bytes read, 3 bits of entropy available)
[    2.496693] random: systemd-udevd: uninitialized urandom read (16 bytes read, 3 bits of entropy available)
[    2.498242] random: systemd-udevd: uninitialized urandom read (16 bytes read, 3 bits of entropy available)
[    2.499094] random: udevadm: uninitialized urandom read (16 bytes read, 3 bits of entropy available)
[    2.499130] random: udevadm: uninitialized urandom read (16 bytes read, 3 bits of entropy available)
[    2.499236] random: udevadm: uninitialized urandom read (16 bytes read, 3 bits of entropy available)
[    2.499277] random: udevadm: uninitialized urandom read (16 bytes read, 3 bits of entropy available)
[    2.499313] random: udevadm: uninitialized urandom read (16 bytes read, 3 bits of entropy available)
[    2.536125] e1000: Intel(R) PRO/1000 Network Driver - version 7.3.21-k8-NAPI
[    2.559366] e1000: Copyright (c) 1999-2006 Intel Corporation.
[    2.563674] Fusion MPT base driver 3.04.20
[    2.564392] Copyright (c) 1999-2008 LSI Corporation
[    2.568023] Fusion MPT SPI Host driver 3.04.20
[    2.587154] AVX2 version of gcm_enc/dec engaged.
[    2.605801] AES CTR mode by8 optimization enabled
[    2.772054] input: ImExPS/2 Generic Explorer Mouse as /devices/platform/i8042/serio1/input/input4
[    2.912974] e1000 0000:00:03.0 eth0: (PCI:33MHz:32-bit) 02:93:23:4d:82:b3
[    3.039157] e1000 0000:00:03.0 eth0: Intel(R) PRO/1000 Network Connection
[    3.040579] mptbase: ioc0: Initiating bringup
[    3.218693] tsc: Refined TSC clocksource calibration: 2208.016 MHz
[    3.237253] ioc0: LSI53C1030 A0: Capabilities={Initiator}
[    3.279966] clocksource: tsc: mask: 0xffffffffffffffff max_cycles: 0x1fd3c73185d, max_idle_ns: 440795251453 ns
[    4.126653] scsi host2: ioc0: LSI53C1030 A0, FwRev=00000000h, Ports=1, MaxQ=256, IRQ=20
[    4.320433] scsi 2:0:0:0: Direct-Access     VBOX     HARDDISK         1.0  PQ: 0 ANSI: 5
[    4.343725] scsi target2:0:0: Beginning Domain Validation
[    4.348097] scsi target2:0:0: Domain Validation skipping write tests
[    4.351415] scsi target2:0:0: Ending Domain Validation
[    4.353261] scsi target2:0:0: asynchronous
[    4.355348] scsi 2:0:1:0: Direct-Access     VBOX     HARDDISK         1.0  PQ: 0 ANSI: 5
[    4.357502] scsi target2:0:1: Beginning Domain Validation
[    4.360100] scsi target2:0:1: Domain Validation skipping write tests
[    4.361584] scsi target2:0:1: Ending Domain Validation
[    4.384521] scsi target2:0:1: asynchronous
[    4.410274] sd 2:0:0:0: Attached scsi generic sg0 type 0
[    4.411151] sd 2:0:0:0: [sda] 20971520 512-byte logical blocks: (10.7 GB/10.0 GiB)
[    4.412614] sd 2:0:1:0: Attached scsi generic sg1 type 0
[    4.413627] sd 2:0:1:0: [sdb] 20480 512-byte logical blocks: (10.5 MB/10.0 MiB)
[    4.414761] sd 2:0:0:0: [sda] Write Protect is off
[    4.415563] sd 2:0:0:0: [sda] Incomplete mode parameter data
[    4.416342] sd 2:0:0:0: [sda] Assuming drive cache: write through
[    4.417299] sd 2:0:1:0: [sdb] Write Protect is off
[    4.418357] sd 2:0:1:0: [sdb] Incomplete mode parameter data
[    4.419176] sd 2:0:1:0: [sdb] Assuming drive cache: write through
[    4.421477]  sda: sda1
[    4.423913] sd 2:0:1:0: [sdb] Attached SCSI disk
[    4.424733] sd 2:0:0:0: [sda] Attached SCSI disk
[    4.689669] e1000 0000:00:08.0 eth1: (PCI:33MHz:32-bit) 08:00:27:30:89:ef
[    4.690694] e1000 0000:00:08.0 eth1: Intel(R) PRO/1000 Network Connection
[    4.692400] e1000 0000:00:03.0 enp0s3: renamed from eth0
[    4.705834] e1000 0000:00:08.0 enp0s8: renamed from eth1
Begin: Loading essential drivers ... [    6.098679] md: linear personality registered for level -1
[    6.121287] md: multipath personality registered for level -4
[    6.124013] md: raid0 personality registered for level 0
[    6.127008] md: raid1 personality registered for level 1
[    6.208485] raid6: sse2x1   gen() 12933 MB/s
[    6.278463] raid6: sse2x1   xor()  9416 MB/s
[    6.348472] raid6: sse2x2   gen() 15016 MB/s
[    6.418507] raid6: sse2x2   xor() 10649 MB/s
[    6.486046] raid6: sse2x4   gen() 15856 MB/s
[    6.553558] raid6: sse2x4   xor() 11196 MB/s
[    6.622203] raid6: avx2x1   gen() 23517 MB/s
[    6.818446] raid6: avx2x2   gen() 25339 MB/s
[    7.109902] raid6: avx2x4   gen() 27846 MB/s
[    7.488733] raid6: using algorithm avx2x4 gen() 27846 MB/s
[    7.888883] raid6: using avx2x2 recovery algorithm
[    7.890612] xor: automatically using best checksumming function:
[    7.929563]    avx       : 25498.000 MB/sec
[    7.931306] async_tx: api initialized (async)
[    7.936840] md: raid6 personality registered for level 6
[    7.937735] md: raid5 personality registered for level 5
[    7.938547] md: raid4 personality registered for level 4
[    7.943354] md: raid10 personality registered for level 10
done.
Begin: Running /scripts/init-premount ... done.
Begin: Mounting root file system ... Begin: Running /scripts/local-top ... done.[    7.965481] Btrfs loaded

Begin: Running /scripts/local-premount ... Scanning for Btrfs filesystems
done.
Warning: fsck not present, so skipping root file system
[    7.996059] EXT4-fs (sda1): mounted filesystem with ordered data mode. Opts: (null)
done.
Begin: Running /scripts/local-bottom ... done.
Begin: Running /scripts/init-bottom ... done.
[    8.127041] systemd[1]: systemd 229 running in system mode. (+PAM +AUDIT +SELINUX +IMA +APPARMOR +SMACK +SYSVINIT +UTMP +LIBCRYPTSETUP +GCRYPT +GNUTLS +ACL +XZ -LZ4 +SECCOMP +BLKID +ELFUTILS +KMOD -IDN)
[    8.133291] systemd[1]: Detected virtualization oracle.
[    8.135202] systemd[1]: Detected architecture x86-64.

Welcome to [1mUbuntu 16.04.5 LTS[0m!

[    8.149232] systemd[1]: Set hostname to <ubuntu>.
[    8.155275] systemd[1]: Initializing machine ID from random generator.
[    8.157295] systemd[1]: Installed transient /etc/machine-id file.
[  8126]ysmd]:isni o/d/inictCoatbility Named Pipe.
[[0;32m  OK  [0m] Listening on /dev/initctl Compatibility Named Pipe.
[    8.945827] systemd[1]: Reached target Swap.
[[0;32m  OK  [0m] Reached target Swap.
[    8.981144] systemd[1]: Created slice System Slice.
[[0;32m  OK  [0m] Created slice System Slice.
[    8.982650] systemd[1]: Listening on udev Kernel Socket.
[[0;32m  OK  [0m] Listening on udev Kernel Socket.
[    8.984189] systemd[1]: Listening on LVM2 metadata daemon socket.
[[0;32m  OK  [0m] Listening on LVM2 metadata daemon socket.
[    8.985903] systemd[1]: Listening on Journal Socket (/dev/log).
[[0;32m  OK  [0m] Listening on Journal Socket (/dev/log).
[    8.987577] systemd[1]: Listening on Journal Audit Socket.
[[0;32m  OK  [0m] Listening on Journal Audit Socket.
[    8.989177] systemd[1]: Reached target System Time Synchronized.
[[0;32m  OK  [0m] Reached target System Time Synchronized.
[    8.991018] systemd[1]: Created slice User and Session Slice.
[[0;32m  OK  [0m] Created slice User and Session Slice.
[    8.992613] systemd[1]: Reached target Slices.
[[0;32m  OK  [0m] Reached target Slices.
[    8.994051] systemd[1]: Started Forward Password Requests to Wall Directory Watch.
[[0;32m  OK  [0m] Started Forward Password Requests to Wall Directory Watch.
[    8.996203] systemd[1]: Set up automount Arbitrary Executable File Formats File System Automount Point.
[[0;32m  OK  [0m] Set up automount Arbitrary Executab...ats File System Automount Point.
[    8.998851] systemd[1]: Reached target User and Group Name Lookups.
[[0;32m  OK  [0m] Reached target User and Group Name Lookups.
[    9.000825] systemd[1]: Listening on Journal Socket.
[[0;32m  OK  [0m] Listening on Journal Socket.
[    9.198160] systemd[1]: Mounting Huge Pages File System...
         Mounting Huge Pages File System...
[    9.214901] systemd[1]: Starting Nameserver information manager...
         Starting Nameserver information manager...
[    9.226585] systemd[1]: Starting Load Kernel Modules...
         Starting Load Kernel Modules...
[    9.234597] systemd[1]: Listening on Device-mapper event daemon FIFOs.
[    9.255725] Loading iSCSI transport class v2.0-870.
[[0;32m  OK  [0m] Listening on Device-mapper event daemon FIFOs.
[    9.258169] systemd[1]: Starting Create list of required static device nodes for the current kernel...
         Starting Create list of[    9.263588] iscsi: registered transport (tcp)
 required st... nodes for the current kernel...[    9.328865] iscsi: registered transport (iser)

[    9.473889] systemd[1]: Starting Monitoring of LVM2 mirrors, snapshots etc. using dmeventd or progress polling...
         Starting Monitoring of LVM2 mirrors... dmeventd or progress polling...
[    9.501247] systemd[1]: Starting Set console keymap...
         Starting Set console keymap...
[    9.502766] systemd[1]: Listening on Syslog Socket.
[[0;32m  OK  [0m] Listening on Syslog Socket.
[    9.504647] systemd[1]: Starting Journal Service...
         Starting Journal Service...
[    9.507145] systemd[1]: Reached target Encrypted Volumes.
[[0;32m  OK  [0m] Reached target Encrypted Volumes.
[    9.523512] systemd[1]: Starting Uncomplicated firewall...
         Starting Uncomplicated firewall...
[    9.532514] systemd[1]: Mounting POSIX Message Queue File System...
         Mounting POSIX Message Queue File System...
[    9.535492] systemd[1]: Started Trigger resolvconf update for networkd DNS.
[[0;32m  OK  [0m] Started Trigger resolvconf update for networkd DNS.
[    9.538040] systemd[1]: Mounting Debug File System...
         Mounting Debug File System...
[    9.540407] systemd[1]: Listening on udev Control Socket.
[[0;32m  OK  [0m] Listening on udev Control Socket.
[    9.544528] systemd[1]: Starting Remount Root and Kernel File Systems...
         Starting Remount Root and Kernel File Systems...
[    9.549137] EXT4-fs (sda1): re-mounted. Opts: (null)
[    9.559602] systemd[1]: Created slice system-serial\x2dgetty.slice.
[[0;32m  OK  [0m] Created slice system-serial\x2dgetty.slice.
[    9.561310] systemd[1]: Listening on LVM2 poll daemon socket.
[[0;32m  OK  [0m] Listening on LVM2 poll daemon socket.
[    9.564046] systemd[1]: Mounted POSIX Message Queue File System.
[[0;32m  OK  [0m] Mounted POSIX Message Queue File System.
[    9.565685] systemd[1]: Mounted Debug File System.
[[0;32m  OK  [0m] Mounted Debug File System.
[    9.567066] systemd[1]: Mounted Huge Pages File System.
[[0;32m  OK  [0m] Mounted Huge Pages File System.
[    9.568557] systemd[1]: Started Journal Service.
[[0;32m  OK  [0m] Started Journal Service.
[[0;32m  OK  [0m] Started Load Kernel Modules.
[[0;32m  OK  [0m] Started Create list of required sta...ce nodes for the current kernel.
[[0;32m  OK  [0m] Started Set console keymap.
[[0;32m  OK  [0m] Started Uncomplicated firewall.
[[0;32m  OK  [0m] Started Remount Root and Kernel File Systems.
[[0;32m  OK  [0m] Started Nameserver information manager.
[[0;32m  OK  [0m] Started LVM2 metadata daemon.
[    9.642485] random: nonblocking pool is initialized
         Starting udev Coldplug all Devices...
         Starting Load/Save Random Seed...
         Starting Create Static Device Nodes in /dev...
         Starting Apply Kernel Variables...
         Mounting FUSE Control File System...
         Starting Flush Journal to Persistent Storage...
[[0;32m  OK  [0m] Mounted FUSE Control File System.
[[0;32m  OK  [0m] Started Load/Save Random Seed.
[[0;32m  OK  [0m] Started Create Static Device Nodes in /dev.
[[0;32m  OK  [0m] Started Apply Kernel Variables.
[[0;32m  OK  [0m] Started udev Coldplug all Devices.
         Starting udev Kernel Device Manager...
[[0;32m  OK  [0m] Started Flush Journal to Persistent Storage.
[[0;32m  OK  [0m] Started udev Kernel Device Manager.
[[0;32m  OK  [0m] Started Dispatch Password Requests to Console Directory Watch.
[[0;32m  OK  [0m] Found device /dev/ttyS0.
[[0;32m  OK  [0m] Listening on Load/Save RF Kill Switch Status /dev/rfkill Watch.
[[0;32m  OK  [0m] Started Monitoring of LVM2 mirrors,...ng dmeventd or progress polling.
[[0;32m  OK  [0m] Reached target Local File Systems (Pre).
[[0;32m  OK  [0m] Reached target Local File Systems.
         Starting Create Volatile Files and Directories...
         Starting Tell Plymouth To Write Out Runtime Data...
         Starting Set console font and keymap...
         Starting Initial cloud-init job (pre-networking)...
         Starting LSB: AppArmor initialization...
         Starting Commit a transient machine-id on disk...
[[0;32m  OK  [0m] Started Create Volatile Files and Directories.
[[0;32m  OK  [0m] Started Tell Plymouth To Write Out Runtime Data.
         Starting Update UTMP about System Boot/Shutdown...
[[0;32m  OK  [0m] Started Commit a transient machine-id on disk.
[[0;32m  OK  [0m] Started Update UTMP about System Boot/Shutdown.
[[0;32m  OK  [0m] Started Set console font and keymap.
[[0;32m  OK  [0m] Created slice system-getty.slice.
[[0;32m  OK  [0m] Started LSB: AppArmor initialization.
[    9.826507] cloud-init[622]: Cloud-init v. 18.3-9-g2e62cb8a-0ubuntu1~16.04.2 running 'init-local' at Wed, 24 Apr 2019 14:09:20 +0000. Up 9.53 seconds.
[[0;32m  OK  [0m] Started Initial cloud-init job (pre-networking).
[[0;32m  OK  [0m] Reached target Network (Pre).
         Starting Raise network interfaces...
[[0;32m  OK  [0m] Started Raise network interfaces.
         Starting Initial cloud-init job (metadata service crawler)...
[[0;32m  OK  [0m] Reached target Network.
[   10.868899] cloud-init[951]: Cloud-init v. 18.3-9-g2e62cb8a-0ubuntu1~16.04.2 running 'init' at Wed, 24 Apr 2019 14:09:20 +0000. Up 10.24 seconds.
[   10.876434] cloud-init[951]: ci-info: ++++++++++++++++++++++++++++++++++++++Net device info+++++++++++++++++++++++++++++++++++++++
[   10.889395] cloud-init[951]: ci-info: +--------+-------+----------------------------+---------------+--------+-------------------+
[   10.890845] cloud-init[951]: ci-info: | Device |   Up  |          Address           |      Mask     | Scope  |     Hw-Address    |
[   10.892287] cloud-init[951]: ci-info: +--------+-------+----------------------------+---------------+--------+-------------------+
[   10.893679] cloud-init[951]: ci-info: | enp0s3 |  True |         10.0.2.15          | 255.255.255.0 | global | 02:93:23:4d:82:b3 |
[   10.894858] cloud-init[951]: ci-info: | enp0s3 |  True | fe80::93:23ff:fe4d:82b3/64 |       .       |  link  | 02:93:23:4d:82:b3 |
[   10.896027] cloud-init[951]: ci-info: | enp0s8 | False |             .              |       .       |   .    | 08:00:27:30:89:ef |
[   10.899442] cloud-init[951]: ci-info: |   lo   |  True |         127.0.0.1          |   255.0.0.0   |  host  |         .         |
[   10.900635] cloud-init[951]: ci-info: |   lo   |  True |          ::1/128           |       .       |  host  |         .         |
[   10.901792] cloud-init[951]: ci-info: +--------+-------+----------------------------+---------------+--------+-------------------+
[   10.902956] cloud-init[951]: ci-info: +++++++++++++++++++++++++++Route IPv4 info++++++++++++++++++++++++++++
[   10.904056] cloud-init[951]: ci-info: +-------+-------------+----------+---------------+-----------+-------+
[   10.906253] cloud-init[951]: ci-info: | Route | Destination | Gateway  |    Genmask    | Interface | Flags |
[   10.923621] cloud-init[951]: ci-info: +-------+-------------+----------+---------------+-----------+-------+
[   10.924979] cloud-init[951]: ci-info: |   0   |   0.0.0.0   | 10.0.2.2 |    0.0.0.0    |   enp0s3  |   UG  |
[[0;32m  OK  [0m] Started Initial cloud-init job (metadata service crawler).
[[0;32m  OK  [0m] Reached target Cloud-config availability.
[[0;32m  OK  [0m] Reached target Network is Online.
[   10.938091] cloud-init[951]: ci-info: |   1   |   10.0.2.0  | 0.0.0.0  | 255.255.255.0 |   enp0s3  |   U   |
[   10.980010]          Starting iSCSI initiator daemon (iscsid)...
[[0;32m  OK  [0m] Reached target System Initialization.
cloud-init[951]: ci-info: +-------+-------------+----------+---------------+-----------+-------+
[   11.017449] [[0;32m  OK  [0m] Started ACPI Events Check.
[[0;32m  OK  [0m] Reached target Paths.
[[0;32m  OK  [0m] Listening on ACPID Listen Socket.
[[0;32m  OK  [0m] Started Daily apt download activities.
[[0;32m  OK  [0m] Started Daily apt upgrade and clean activities.
         Starting Socket activation for snappy daemon.
[[0;32m  OK  [0m] Listening on D-Bus System Message Bus Socket.
[[0;32m  OK  [0m] Listening on UUID daemon activation socket.
[[0;32m  OK  [0m] Started Daily Cleanup of Temporary Directories.
[[0;32m  OK  [0m] Reached target Timers.
cloud-init[951]: ci-info: +++++++++++++++++++Route IPv6 info+++++++++++++++++++
[   11.035478]          Starting LXD - unix socket.
cloud-init[951]: ci-info: +-------+-------------+---------+-----------+-------+
[   11.037441] cloud-init[951]: ci-info: | Route | Destination | Gateway | Interface | Flags |
[   11.038737] cloud-init[951]: ci-info: +-------+-------------+---------+-----------+-------+
[   11.040001] cloud-init[951]: ci-info: |   0   |  fe80::/64  |    ::   |   enp0s3  |   U   |
[   11.067053] [[0;32m  OK  [0m] Listening on Socket activation for snappy daemon.
cloud-init[951]: ci-info: |   3   |   ff00::/8  |    ::   |   enp0s3  |   U   |
[   11.069511] [[0;32m  OK  [0m] Listening on LXD - unix socket.
[[0;32m  OK  [0m] Started iSCSI initiator daemon (iscsid).
cloud-init[951]: ci-info: +-------+-------------+---------+-----------+-------+
[   11.081402] cloud-init[951]: Generating public/private rsa key pair.
[   11.100253]          Starting Login to default iSCSI targets...
[[0;32m  OK  [0m] Reached target Sockets.
[[0;32m  OK  [0m] Reached target Basic System.
[[0;32m  OK  [0m] Started Unattended Upgrades Shutdown.
         Starting Virtualbox guest utils...
         Starting LSB: Record successful boot for GRUB...
cloud-init[951]: Your identification has been saved in /etc/ssh/ssh_host_rsa_key.
[   11.122157] cloud-init[951]: Your public key has been saved in /etc/ssh/ssh_host_rsa_key.pub.
[   11.122352] cloud-init[951]: The key fingerprint is:
[   11.122463] cloud-init[951]: SHA256:5yFAOEY/jUvseWw+ZsgTR/A1gqmXTdIhBtp+bPqQQx4 root@ubuntu-xenial
[   11.122572] cloud-init[951]: The key's randomart image is:
[   11.122686] cloud-init[951]: +---[RSA 2048]----+
[   11.122794] cloud-init[951]: |   .oo=+o.o      |
[   11.122906] cloud-init[951]: |   o+=+*oo .     |
[   11.123016] cloud-init[951]: |  ...oB=+        |
[   11.123163] cloud-init[951]: |   ..+oB.        |
[   11.123246] cloud-init[951]: |    E.O S o      |
[   11.123373] cloud-init[951]: |   o B B + .     |
[   11.123476] cloud-init[951]: |    * + = .      |
[   11.123588] cloud-init[951]: |     + + .       |
[   11.123699] cloud-init[951]: |      .          |
[   11.123810] cloud-init[951]: +----[SHA256]-----+
[   11.123919] cloud-init[951]: Generating public/private dsa key pair.
[   11.124065] cloud-init[951]: Your identification has been saved in /etc/ssh/ssh_host_dsa_key.
[   11.124150] cloud-init[951]: Your public key has been saved in /etc/ssh/ssh_host_dsa_key.pub.
[   11.124261] cloud-init[951]: The key fingerprint is:
[   11.124370] cloud-init[951]: SHA256:uBJVbjmTe4+VVZnsWzebiwdvEGEMN9tduFhFPRqqUqk root@ubuntu-xenial
[   11.124481] cloud-init[951]: The key's randomart image is:
[   11.124590] cloud-init[951]: +---[DSA 1024]----+
[   11.124702] cloud-init[951]: |        .  .oo.+O|
[   11.124812] cloud-init[951]: |       o o  .=**+|
[   11.124923] cloud-init[951]: |      . B . o+*oo|
[   11.125033] cloud-init[951]: |     . o * ..=.oo|
[   11.125144] cloud-init[951]: |    . . S o o . B|
[   11.125257] cloud-init[951]: |     . E o + o + |
[   11.125366] cloud-init[951]: |    . . . . . = .|
[   11.125477] cloud-init[951]: |     .       . = |
[   11.125588] cloud-init[951]: |              o  |
[   11.125696] cloud-init[951]: +----[SHA256]-----+
[   11.125808] cloud-init[951]: Generating public/private ecdsa key pair.
[   11.125918] cloud-init[951]: Your identification has been saved in /etc/ssh/ssh_host_ecdsa_key.
[   11.126028] cloud-init[951]: Your public key has been saved in /etc/ssh/ssh_host_ecdsa_key.pub.
         Starting Pollinate to seed the pseudo random number generator...
[   11.126137] cloud-init[951]: The key fingerprint is:
[   11.208182] cloud-init[951]: SHA256:3UXDzdx1vDwx2iIqktQ3adrDOy7+xcEti92XS7Lqwhk root@ubuntu-xenial
[   11.208379] cloud-init[951]: The key's randomart image is:
[   11.208490] cloud-init[951]: +---[ECDSA 256]---+
[   11.208600] cloud-init[951]: |             .o==|
[   11.208710] cloud-init[951]: |             ..+B|
[   11.208820] cloud-init[951]: |      .   .   = +|
[   11.208932] cloud-init[951]: |     . . *.o.+ = |
[   11.209042] cloud-init[951]: |    . . S ++o.. .|
[   11.209151] cloud-init[951]: |     o o E+ =   .|
[   11.209261] cloud-init[951]: |      . o.== o + |
[   11.209372] cloud-init[951]: |       . *.   = .|
[   11.209483] cloud-init[951]: |      ..+o+o.. . |
[   11.209599] cloud-init[951]: +----[SHA256]-----+
[[0;32m  OK  [0m] Started D-Bus System Message Bus.
[   11.209787] cloud-init[951]: Generating public/private ed25519 key pair.
[   11.245880] cloud-init[951]: Your identification has been saved in /etc/ssh/ssh_host_ed25519_key.
[   11.246970] cloud-init[951]: Your public key has been saved in /etc/ssh/ssh_host_ed25519_key.pub.
[   11.257725] cloud-init[951]: The key fingerprint is:
[   11.258561] cloud-init[951]: SHA256:K0nsRRzBFzTMiAISoDjipykyDWI50e/EL4NkGh5ME1g root@ubuntu-xenial
[   11.259837] cloud-init[951]: The key's randomart image is:
[   11.283674] cloud-init[951]: +--[ED25519 256]--+
[   11.283864] cloud-init[951]: |*+E.   oo*+.     |
         Starting System Logging Service...
[   11.283995] cloud-init[951]: |+.o . ..o.+.     |
[   11.320301] cloud-init[951]: |=+ . .  o.       |
[   11.320711] cloud-init[951]: |=.+ o. .         |
[   11.320940] cloud-init[951]: |oO + +o S        |
[   11.321174] cloud-init[951]: |+o@ +o.o .       |
[   11.321282] cloud-init[951]: |+=.. ++..        |
[   11.321393] cloud-init[951]: |o.    o.         |
[   11.321511] cloud-init[951]: |                 |
[   11.321628] cloud-init[951]: +----[SHA256]-----+
         Starting /etc/rc.local Compatibility...
         Starting LSB: MD monitoring daemon...
         Starting Login Service...
[[0;32m  OK  [0m] Started FUSE filesystem for LXC.
         Starting LXD - container startup/shutdown...
[[0;32m  OK  [0m] Started Deferred execution scheduler.
[[0;32m  OK  [0m] Started Regular background program processing daemon.
         Starting Snappy daemon...
[[0;32m  OK  [0m] Started ACPI event daemon.
         Starting Accounts Service...
[[0;32m  OK  [0m] Started System Logging Service.
[[0;32m  OK  [0m] Started /etc/rc.local Compatibility.
[[0;32m  OK  [0m] Started Login to default iSCSI targets.
[[0;32m  OK  [0m] Started LSB: Record successful boot for GRUB.
[[0;32m  OK  [0m] Started LSB: MD monitoring daemon.
[[0;32m  OK  [0m] Started Virtualbox guest utils.
[[0;32m  OK  [0m] Started Pollinate to seed the pseudo random number generator.
[[0;32m  OK  [0m] Started LXD - container startup/shutdown.
[[0;32m  OK  [0m] Started Login Service.
         Starting Authenticate and Authorize Users to Run Privileged Tasks...
         Starting OpenBSD Secure Shell server...
[[0;32m  OK  [0m] Reached target Remote File Systems (Pre).
[[0;32m  OK  [0m] Reached target Remote File Systems.
         Starting Permit User Sessions...
         Starting LSB: automatic crash report generation...
         Starting LSB: Set the CPU Frequency Scaling governor to "ondemand"...
         Starting LSB: daemon to balance interrupts for SMP systems...
[[0;32m  OK  [0m] Started OpenBSD Secure Shell server.
[[0;32m  OK  [0m] Started Permit User Sessions.
[[0;32m  OK  [0m] Started Authenticate and Authorize Users to Run Privileged Tasks.
[[0;32m  OK  [0m] Started Accounts Service.
         Starting Terminate Plymouth Boot Screen...
         Starting Hold until boot process finishes up...
[[0;32m  OK  [0m] Started Snappy daemon.
[[0;32m  OK  [0m] Started LSB: automatic crash report generation.
[[0;32m  OK  [0m] Started LSB: Set the CPU Frequency Scaling governor to "ondemand".
[[0;32m  OK  [0m] Started Terminate Plymouth Boot Screen.
[[0;32m  OK  [0m] Started Hold until boot process finishes up.
[[0;32m  OK  [0m] Started Serial Getty on ttyS0.
[[0;32m  OK  [0m] Started Getty on tty1.
[[0;32m  OK  [0m] Reached target Login Prompts.
         Starting Set console scheme...
         Starting Wait until snapd is fully seeded...
[[0;32m  OK  [0m] Started LSB: daemon to balance interrupts for SMP systems.
[[0;32m  OK  [0m] Started Set console scheme.
[[0;32m  OK  [0m] Created slice User Slice of vagrant.
         Starting User Manager for UID 1000...
[[0;32m  OK  [0m] Started User Manager for UID 1000.
[[0;32m  OK  [0m] Started Session 1 of user vagrant.
[[0;32m  OK  [0m] Started Wait until snapd is fully seeded.
[[0;32m  OK  [0m] Reached target Multi-User System.
[[0;32m  OK  [0m] Reached target Graphical Interface.
         Starting Update UTMP about System Runlevel Changes...
         Starting Apply the settings specified in cloud-config...
[[0;32m  OK  [0m] Started Update UTMP about System Runlevel Changes.
[   13.618302] cloud-init[1372]: Generating locales (this might take a while)...
[   14.163990] cloud-init[1372]:   en_US.UTF-8... done
[   14.165252] cloud-init[1372]: Generation complete.
[   14.393106] cloud-init[1372]: Cloud-init v. 18.3-9-g2e62cb8a-0ubuntu1~16.04.2 running 'modules:config' at Wed, 24 Apr 2019 14:09:24 +0000. Up 13.52 seconds.
[[0;32m  OK  [0m] Started Apply the settings specified in cloud-config.
         Starting Execute cloud user/final scripts...
ci-info: no authorized ssh keys fingerprints found for user ubuntu.
<14>Apr 24 14:09:25 ec2: 
<14>Apr 24 14:09:25 ec2: #############################################################
<14>Apr 24 14:09:25 ec2: -----BEGIN SSH HOST KEY FINGERPRINTS-----
<14>Apr 24 14:09:25 ec2: 1024 SHA256:uBJVbjmTe4+VVZnsWzebiwdvEGEMN9tduFhFPRqqUqk root@ubuntu-xenial (DSA)
<14>Apr 24 14:09:25 ec2: 256 SHA256:3UXDzdx1vDwx2iIqktQ3adrDOy7+xcEti92XS7Lqwhk root@ubuntu-xenial (ECDSA)
<14>Apr 24 14:09:25 ec2: 256 SHA256:K0nsRRzBFzTMiAISoDjipykyDWI50e/EL4NkGh5ME1g root@ubuntu-xenial (ED25519)
<14>Apr 24 14:09:25 ec2: 2048 SHA256:5yFAOEY/jUvseWw+ZsgTR/A1gqmXTdIhBtp+bPqQQx4 root@ubuntu-xenial (RSA)
<14>Apr 24 14:09:25 ec2: -----END SSH HOST KEY FINGERPRINTS-----
<14>Apr 24 14:09:25 ec2: #############################################################
-----BEGIN SSH HOST KEY KEYS-----
ecdsa-sha2-nistp256 AAAAE2VjZHNhLXNoYTItbmlzdHAyNTYAAAAIbmlzdHAyNTYAAABBBLA4WUGXvajLW3dP0/w6D/B4KQjUziHNtPanMqxsZkyNQ8KE4S+94vxhDJhgU6WMWNSIYNKdYn/X8haeF5ppXa4= root@ubuntu-xenial
ssh-ed25519 AAAAC3NzaC1lZDI1NTE5AAAAIFeS9WEP/VqQnZWqIXVPt3pDiTOU1yCG2yP8H7hDZ/+A root@ubuntu-xenial
ssh-rsa AAAAB3NzaC1yc2EAAAADAQABAAABAQDA4soCe+ZcYfTUQpXUSyGJ+p3PlAVjN2o7QisZzX7XrO2+6LvglUJIz8V5h7nKRcAnj8R9bqz3AQwP0BKLPX4wPmOWZwEs0H2DzUbF+xcH0/SD07vhJBWiWLhSuDOubMip5kj1OsNiIWSCqrm+kKyw79ZlW5vcnpKEmkyZDOTmQWDH6YrEwqIWcr5JIOXUlz3gsjAYO/YsedGd9aa6ZxdAkRCFgnr1twBrcTukiEeBdivhbizuKzXLmI8CoyHqkiQVToLViVTVC86IBpzTjI+MpG4Ovga7QUwMZ6CGosvrYmGTOEKp4xKJSIe9B5DdXUsiIFDdltT+m0HeLqU2xOjp root@ubuntu-xenial
-----END SSH HOST KEY KEYS-----
[   14.876837] cloud-init[1457]: Cloud-init v. 18.3-9-g2e62cb8a-0ubuntu1~16.04.2 running 'modules:final' at Wed, 24 Apr 2019 14:09:25 +0000. Up 14.64 seconds.
[   14.881718] cloud-init[1457]: ci-info: no authorized ssh keys fingerprints found for user ubuntu.
[   14.883110] cloud-init[1457]: Cloud-init v. 18.3-9-g2e62cb8a-0ubuntu1~16.04.2 finished at Wed, 24 Apr 2019 14:09:25 +0000. Datasource DataSourceNoCloud [seed=/dev/sdb][dsmode=net].  Up 14.87 seconds
[[0;32m  OK  [0m] Started Execute cloud user/final scripts.
[[0;32m  OK  [0m] Reached target Cloud-init target.

Ubuntu 16.04.5 LTS ubuntu-xenial ttyS0

ubuntu-xenial login:          Stopping User Manager for UID 1000...
[[0;32m  OK  [0m] Closed Load/Save RF Kill Switch Status /dev/rfkill Watch.
         Stopping Authenticate and Authorize Users to Run Privileged Tasks...
         Stopping ACPI event daemon...
         Stopping Session 9 of user vagrant.
[[0;32m  OK  [0m] Stopped target Graphical Interface.
         Stopping Accounts Service...
[[0;32m  OK  [0m] Stopped target Timers.
[[0;32m  OK  [0m] Stopped Daily Cleanup of Temporary Directories.
[[0;32m  OK  [0m] Stopped Daily apt upgrade and clean act         Stopping LSB: Apache2 web server...
         Stopping Virtualbox guest utils...
         Stopping LXD - container startup/shutdown...
         Stopping LSB: Record successful boot for GRUB...
         Stopping Unattended Upgrades Shutdown...
         Stopping Regular background program processing daemon...
         Stopping OpenBSD Secure Shell server...
         Stopping FUSE filesystem for LXC...
         Stopping Deferred execution scheduler...
         Stopping LSB: MD monitoring daemon...
         Stopping LSB: automatic crash report generation...
[[0;32m  OK  [0m] Stopped Apply the settings specified in cloud-config.
[[0;32m  OK  [0m] Stopped Wait until snapd is fully seeded.
         Stopping Snappy daemon...
         Stopping System Logging Service...
         Stopping D-Bus System Message Bus...
         Stopping LSB: Set the CPU Frequency Scaling governor to "ondemand"...
         Stopping LSB: daemon to balance interrupts for SMP systems...
[[0;32m  OK  [0m] Stopped target Cloud-config availability.
[[0;32m  OK  [0m] Unmounted /var/lib/lxcfs.
[[0;32m  OK  [0m] Stopped System Logging Service.
[[0;32m  OK  [0m] Stopped Deferred execution scheduler.
[[0;32m  OK  [0m] Stopped Regular background program processing daemon.
[[0;32m  OK  [0m] Stopped Snappy daemon.
[[0;32m  OK  [0m] Stopped ACPI event daemon.
[[0;32m  OK  [0m] Stopped Accounts Service.
[[0;32m  OK  [0m] Stopped Authenticate and Authorize Users to Run Privileged Tasks.
[[0;32m  OK  [0m] Stopped OpenBSD Secure Shell server.
[[0;32m  OK  [0m] Stopped Serial Getty on ttyS0.
[[0;32m  OK  [0m] Stopped Getty on tty1.
[[0;32m  OK  [0m] Stopped User Manager for UID 1000.
[[0;32m  OK  [0m] Stopped Session 9 of user vagrant.
[[0;32m  OK  [0m] Stopped Unattended Upgrades Shutdown.
[[0;32m  OK  [0m] Stopped D-Bus System Message Bus.
[[0;32m  OK  [0m] Stopped FUSE filesystem for LXC.
[[0;32m  OK  [0m] Stopped LXD - container startup/shutdown.
[[0;32m  OK  [0m] Stopped Virtualbox guest utils.
[[0;32m  OK  [0m] Stopped LSB: Apache2 web server.
[[0;32m  OK  [0m] Stopped LSB: Record successful boot for GRUB.
[[0;32m  OK  [0m] Stopped LSB: MD monitoring daemon.
[[0;32m  OK  [0m] Stopped LSB: automatic crash report generation.
[[0;32m  OK  [0m] Stopped LSB: Set the CPU Frequency Scaling governor to "ondemand".
[[0;32m  OK  [0m] Stopped LSB: daemon to balance interrupts for SMP systems.
[[0;32m  OK  [0m] Removed slice User Slice of vagrant.
         Stopping Login Service...
[[0;32m  OK  [0m] Removed slice system-getty.slice.
         Stopping Permit User Sessions...
[[0;32m  OK  [0m] Stopped /etc/rc.local Compatibility.
[[0;32m  OK  [0m] Removed slice system-serial\x2dgetty.slice.
[[0;32m  OK  [0m] Stopped Permit User Sessions.
[[0;32m  OK  [0m] Stopped target Remote File Systems.
[[0;32m  OK  [0m] Stopped target Remote File Systems (Pre).
         Stopping Login to default iSCSI targets...
[[0;32m  OK  [0m] Stopped Login Service.
[[0;32m  OK  [0m] Stopped Login to default iSCSI targets.
         Stopping iSCSI initiator daemon (iscsid)...
[[0;32m  OK  [0m] Stopped target User and Group Name Lookups.
[[0;32m  OK  [0m] Stopped target Basic System.
[[0;32m  OK  [0m] Stopped target Slices.
[[0;32m  OK  [0m] Removed slice User and Session Slice.
[[0;32m  OK  [0m] Stopped target Sockets.
[[0;32m  OK  [0m] Closed ACPID Listen Socket.
[[0;32m  OK  [0m] Closed LXD - unix socket.
[[0;32m  OK  [0m] Closed Socket activation for snappy daemon.
[[0;32m  OK  [0m] Closed UUID daemon activation socket.
[[0;32m  OK  [0m] Closed Syslog Socket.
[[0;32m  OK  [0m] Stopped target Paths.
[[0;32m  OK  [0m] Stopped Dispatch Password Requests to Console Directory Watch.
[[0;32m  OK  [0m] Stopped ACPI Events Check.
[[0;32m  OK  [0m] Stopped Forward Password Requests to Wall Directory Watch.
[[0;32m  OK  [0m] Closed D-Bus System Message Bus Socket.
[[0;32m  OK  [0m] Stopped target System Initialization.
         Stopping Update UTMP about System Boot/Shutdown...
[[0;32m  OK  [0m] Stopped target Encrypted Volumes.
         Stopping Load/Save Random Seed...
[[0;32m  OK  [0m] Stopped target Swap.
[[0;32m  OK  [0m] Stopped Commit a transient machine-id on disk.
[[0;32m  OK  [0m] Stopped iSCSI initiator daemon (iscsid).
[[0;32m  OK  [0m] Stopped Load/Save Random Seed.
[[0;32m  OK  [0m] Stopped Update UTMP about System Boot/Shutdown.
[[0;32m  OK  [0m] Stopped Create Volatile Files and Directories.
[[0;32m  OK  [0m] Stopped target Network is Online.
[[0;32m  OK  [0m] Stopped Initial cloud-init job (metadata service crawler).
[[0;32m  OK  [0m] Stopped target Network.
         Stopping Raise network interfaces...
[[0;32m  OK  [0m] Stopped Raise network interfaces.
[[0;32m  OK  [0m] Stopped Apply Kernel Variables.
[[0;32m  OK  [0m] Stopped Load Kernel Modules.
[[0;32m  OK  [0m] Stopped target Network (Pre).
[[0;32m  OK  [0m] Stopped Initial cloud-init job (pre-networking).
[[0;32m  OK  [0m] Stopped target Local File Systems.
         Unmounting /var/www/html...
         Unmounting /vagrant...
         Unmounting /run/user/1000...
[[0;32m  OK  [0m] Unmounted /var/www/html.
[[0;32m  OK  [0m] Unmounted /vagrant.
[[0;32m  OK  [0m] Unmounted /run/user/1000.
[[0;32m  OK  [0m] Reached target Unmount All Filesystems.
[[0;32m  OK  [0m] Stopped target Local File Systems (Pre).
         Stopping Monitoring of LVM2 mirrors... dmeventd or progress polling...
[[0;32m  OK  [0m] Stopped Remount Root and Kernel File Systems.
[[0;32m  OK  [0m] Stopped Create Static Device Nodes in /dev.
[[0;32m  OK  [0m] Reached target Shutdown.
[ 5075.544875] reboot: Power down
