[  0.000000] Initializing cgroup subsys cpuset
[    0.000000] Initializing cgroup subsys cpu
[    0.000000] Initializing cgroup subsys cpuacct
[    0.000000] Linux version 4.4.0-145-generic (buildd@lcy01-amd64-027) (gcc version 5.4.0 20160609 (Ubuntu 5.4.0-6ubuntu1~16.04.10) ) #171-Ubuntu SMP Tue Mar 26 12:43:40 UTC 2019 (Ubuntu 4.4.0-145.171-generic 4.4.176)
[    0.000000] Command line: BOOT_IMAGE=/boot/vmlinuz-4.4.0-145-generic root=UUID=8decbaf4-e443-4fa3-a19b-bd6d6b0a5c2d ro console=tty1 console=ttyS0
[    0.000000] KERNEL supported cpus:
[    0.000000]   Intel GenuineIntel
[    0.000000]   AMD AuthenticAMD
[    0.000000]   Centaur CentaurHauls
[    0.000000] x86/fpu: xstate_offset[2]:  576, xstate_sizes[2]:  256
[    0.000000] x86/fpu: Supporting XSAVE feature 0x01: 'x87 floating point registers'
[    0.000000] x86/fpu: Supporting XSAVE feature 0x02: 'SSE registers'
[    0.000000] x86/fpu: Supporting XSAVE feature 0x04: 'AVX registers'
[    0.000000] x86/fpu: Enabled xstate features 0x7, context size is 832 bytes, using 'standard' format.
[    0.000000] e820: BIOS-provided physical RAM map:
[    0.000000] BIOS-e820: [mem 0x0000000000000000-0x000000000009fbff] usable
[    0.000000] BIOS-e820: [mem 0x000000000009fc00-0x000000000009ffff] reserved
[    0.000000] BIOS-e820: [mem 0x00000000000f0000-0x00000000000fffff] reserved
[    0.000000] BIOS-e820: [mem 0x0000000000100000-0x000000003ffff] usable[  0000000] BIOS-e820: [mem 0x000000003fff0000-0x000000003fffffff] ACPI data
[    0.000000] BIOS-e820: [mem 0x00000000fec00000-0x00000000fec00fff] reserved
[    0.000000] BIOS-e820: [mem 0x00000000fee00000-0x00000000fee00fff] reserved
[    0.000000] BIOS-e820: [mem 0x00000000fffc0000-0x00000000ffffffff] reserved
[    0.000000] NX (Execute Disable) protection: active
[    0.000000] SMBIOS 2.5 present.
[    0.000000] Hypervisor detected: KVM
[    0.000000] e820: last_pfn = 0x3fff0 max_arch_pfn = 0x400000000
[    0.000000] MTRR: Disabled
[    0.000000] x86/PAT: MTRRs disabled, skipping PAT initialization too.
[    0.000000] CPU MTRRs all blank - virtualized system.
[    0.000000] x86/PAT: Configuration [0-7]: WB  WT  UC- UC  WB  WT  UC- UC  
[    0.000000] found SMP MP-table at [mem 0x0009fff0-0x0009ffff] mapped at [ffff88000009fff0]
[    0.000000] Scanning 1 areas for low memory corruption
[    0.000000] RAMDISK: [mem 0x361e8000-0x370ebfff]
[    0.000000] ACPI: Early table checksum verification disabled
[    0.000000] ACPI: RSDP 0x00000000000E0000 000024 (v02 VBOX  )
[    0.000000] ACPI: XSDT 0x000000003FFF0030 00003C (v01 VBOX   VBOXXSDT 00000001 ASL  00000061)
[    0.000000] ACPI: FACP 0x000000003FFF00F0 0000F4 (v04 VBOX   VBOXFACP 00000001 ASL  00000061)
[    0.000000] ACPI: DSDT 0x000000003FFF0470 0021FF (v02 VBOX   VBOXBIOS 00000002 INTL 20180105)
[    0.000000] ACPI: FACS 0x000000003FFF0200 000040
[    0.000000] ACPI: FACS 0x000000003FFF0200 000040
[    0.000000] ACPI: APIC 0x000000003FFF0240 00005C (v02 VBOX   VBOXAPIC 00000001 ASL  00000061)
[    0.000000] ACPI: SSDT 0x000000003FFF02A0 0001CC (v01 VBOX   VBOXCPUT 00000002 INTL 20180105)
[    0.000000] No NUMA configuration found
[    0.000000] Faking a node at [mem 0x0000000000000-0000003ffeffff]
[    0.000000] NODE_DATA(0) allocated [mem 0x3ffeb000-0x3ffeffff]
[    0.000000] kvm-clock: Using msrs 4b564d01 and 4b564d00
[    0.000000] kvm-clock: cpu 0, msr 0:3ffe3001, primary cpu clock
[    0.000000] kvm-clockusg sced offset of 3109642670 cycles
[    0.000000] clocksource: kvm-clock: mask: 0xffffffffffffffff max_cycles: 0x1cd42e4dffb, max_idle_ns: 881590591483 ns
[    0.000000] Zone ranges:
[    0.000000]   DMA      [mem 0x0000000000001000-0x0000000000ffffff]
[    0.000000]   DMA32    [mem 0x0000000001000000-0x000000003ffeffff]
[    0.000000]   Normal   empty
[    0.000000]   Device   empty
[    0.000000] Movable zone start for each node
[    0.000000] Early memory node ranges
[    0.000000]   node   0: [mem 0x0000000000001000-0x000000000009efff]
[    0.000000]   node   0: [mem 0x0000000000100000-0x000000003ffeffff]
[    0.000000] Initmem setup node 0 [mem 0x0000000000001000-0x00000000fefff]
[  00000] ACPI: M-me IO rt0x008
[  000000] IOAPIC[0]: apic_id 2, version 32, address 0xfec00000, GSI 0-23
[    0.000000] ACPI: INT_SRC_OVR (bus 0 bus_irq 0 global_irq 2 dfl dfl)
[    0.000000] ACPI: INT_SRC_OVR (bus 0 bus_irq 9 global_irq 9 low level)
[  0000000] Using ACPI (MADT) for SMP configuration information
[    0.000000] smpboot: Allowing 2 CPUs, 0 hotplug CPUs
[    0.000000] PM: Registered nosave memory: [mem 0x00000000-0x00000fff]
[    0.000000] PM: Registered nosave memory: [mem 0x0009f000-0x0009ffff]
[    0.000000] PM: Registered nosave memory: [mem 0x000a0000-0x000effff]
[    0.000000] PM: Registered nosave memory: [mem 0x000f0000-0x000fffff]
[    0.000000] e820: [mem 0x40000000-0xfebfffff] available for PCI devices
[    0.000000] Booting paravirtualized kernel on KVM
[    0.000000] clocksource: refined-jiffies: mask: 0xffffffff max_cycles: 0xffffffff, max_idle_ns: 7645519600211568 ns
[    0.000000] setup_percpu: NR_CPUS:512 nr_cpumask_bits:512 nr_cpu_ids:2 nr_node_ids:1
[    0.000000] PERCPU: Embedded 34 pages/cpu @ffff88003fc00000 s99480 r8192 d31592 u1048576
[    0.000000] Built 1 zonelists in Node order, moily grouping on.  Total pages: 257912
[    0.000000] Policy zone: DMA32
[    0.000000] Kernel command line: BOOT_IMAGE=/boot/vmlinuz-4.4.0-145-generic root=UUID=8decbaf4-e443-4fa3-a19b-bd6d6b0a5c2d ro console=tty1 console=ttyS0
[    0.000000] PID hash table entries: 4096 (order: 3, 32768 bytes)
[    0.000000] Memory: 997184K/1048120K available (8608K kernel code, 1333K rwdata, 4008K rodata, 1484K init, 1284K bss, 50936K reserved, 0K cma-reserved)
[    0.000000] SLUB: HWalign=64, Order=0-3, MinObjects=0, CPUs=2, Nodes=1
[    0.000000] Kernel/User page tables isolation: enabled
[    0.000000] Hierarchical RCU implementation.
[    0.000000] 	Build-time adjustment of leaf fanout to 64.
[    0.000000] 	RCU restricting CPUs from NR_CPUS=512 to nr_cpu_ids=2.
[    0.000000] RCU: Adjusting geometry for rcu_fanout_leaf=64, nr_cpu_ids=2
[    0.000000] NR_IRQS:33024 nr_irqs:440 16
[    0.000000] Console: colour VGA+ 80x25
[  0.000000] console [tty1] enabled
[    0.000000] console [ttyS0] enabled
[    0.000000] tsc: Detected 2266.642 MHz processor
[    0.815316] Calibrating delay loop (skipped) preset value.. 4533.28 BogoMIPS (lpj=9066568)
[    0.816664] pid_max: default: 32768 minimum: 301
[    0.817401] ACPI: Core revision 20150930
[    0.818780] ACPI: 2 ACPI AML tables successfully acquired and loaded
[    0.819842] Security Framework initialized
[    0.820510] Yama: becoming mindful.
[    0.821127] AppArmor: AppArmor initialized
[    0.821863] Dentry cache hash table entries: 131072 (order: 8, 1048576 bytes)
[    0.823351] Inode-cache hash table entries: 65536 (order: 7, 524288 bytes)
[    0.824443] Mount-cache hash table entries: 2048 (order: 2, 16384 bytes)
[    0.825424] Mountpoint-cache has table entries: 2048 (order: 2, 16384 bytes)

[    0.836987] Initializing cgroup subsys io
[    0.837668] Initializing cgroup subsys memory
[    0.838396] Initializing cgroup subsys devices
[    0.839117] Initializing cgroup subsys freezer
[    0.839837] Initializing cgroup subsys net_cls
[    0.840560] Initializing cgroup subsys perf_event
[    0.841298] Initializing cgroup subsys net_prio
[    0.842057] Initializing cgroup subsys hugetlb
[    0.847942] Initializing cgroup subsys pids
[    0.849713] mce: CPU supports 0 MCE banks
[    0.850400] Last level iTLB entries: 4KB 64, 2MB 8, 4MB 8
[    0.851231] Last level dTLB entries: 4KB 64, 2MB 0, 4MB 0, 1GB 4
[    0.852132] Spectre V2 : Mitigation: Full generic retpoline
[    0.852996] Spectre V2 : Spectre v2 / SpectreRSB mitigation: Filling RSB on context switch
[    0.854310] Speculative Store Bypass: Vulnerable
[    0.857078] Freeing SMP alternatives memory: 36K
[    0.862075] ftrace: allocating 32283 entries in 127 pages
[    0.909250] smpboot: APIC(0) Converting physical 0 to logical package 0
[    0.910266] smpboot: Max logical packages: 1
[    0.911187] x2apic enabled
[    0.911884] Switched APIC routing to physical x2apic.
[    0.913585] ..TIMER: vector=0x30 apic1=0 pin1=2 apic2=-1 pin2=-1
[    1.017902] smpboot: CPU0: Intel(R) Core(TM) i5-7260U CPU @ 2.20GHz (family: 0x6, model: 0x8e, stepping: 0x9)
[    1.040035] Performance Events: unsupported p6 CPU model 142 no PMU driver, software events only.
[    1.049519] KVM setup paravirtual spinlock
[    1.050712] x86: Booting SMP configuration:
[    1.051323] .... node  #0, CPUs:      #1
[    1.051969] kvm-clock: cpu 1, msr 0:3ffe3041, secondary cpu clock
[    1.054147] mce: CPU supports 0 MCE banks
[    1.056605] x86: Booted up 1 node, 2 CPUs
[    1.057365] smpboot: Total of 2 processors activated (9066.56 BogoMIPS)
[    1.058547] devtmpfs: initialized
[    1.060158] evm: security.selinux
[    1.060681] evm: security.SMACK64
[    1.061199] evm: security.SMACK64EXEC
[    1.061759] evm: security.SMACK64TRANSMUTE
[    1.062360] evm: security.SMACK64MMAP
[    1.062911] evm: security.ima
[    1.063425] evm: security.capability
[    1.064104] clocksource: jiffies: mask: 0xffffffff max_cycles: 0xffffffff, max_idle_ns: 7645041785100000 ns
[    1.065415] futex hash table entries: 512 (order: 3, 32768 bytes)
[    1.066303] pinctrl core: initialized pinctrl subsystem
[    1.067088] RTC time: 14:51:55, date: 04/30/19
[    1.067850] NET: Registered protocol family 16
[    1.077446] cpuidle: using governor ladder
[    1.127953] cpuidle: using governor menu
[    1.152085] PCCT header not found.
[    1.152748] ACPI: bus type PCI registered
[    1.153421] acpiphp: ACPI Hot Plug PCI Controller Driver version: 0.5
[    1.154454] PCI: Using configuration type 1 for base access
[    1.167991] ACPI: Added _OSI(Module Device)
[    1.168629] ACPI: Added _OSI(Processor Device)
[    1.169256] ACPI: Added _OSI(3.0 _SCP Extensions)
[    1.169906] ACPI: Added _OSI(Processor Aggregator Device)
[    1.171158] ACPI: Executed 1 blocks of module-level executable AML code
[    1.173676] ACPI: Interpreter enabled
[    1.174236] ACPI: (supports S0 S5)
[    1.174777] ACPI: Using IOAPIC for interrupt routing
[    1.175623] PCI: Using host bridge windows from ACPI; if necessary, use "pci=nocrs" and report a bug
[    1.179703] ACPI: PCI Root Bridge [PCI0] (domain 0000 [bus 00-ff])
[    1.180623] acpi PNP0A03:00: _OSC: OS supports [ASPM ClockPM Segments MSI]
[    1.181621] acpi PNP0A03:00: _OSC: not requesting OS control; OS requires [ExtendedConfig ASPM ClockPM MSI]
[    1.183079] acpi PNP0A03:00: fail to add MMCONFIG information, can't access extended PCI configuration space under this bridge.
[    1.189960] PCI host bridge to bus 0000:00
[    1.190567] pci_bus 0000:00: root bus resource [io  0x0000-0x0cf7 window]
[    1.191429] pci_bus 0000:00: root bus resource [io  0x0d00-0xffff window]
[    1.192278] pci_bus 0000:00: root bus resource [mem 0x000a0000-0x000bffff window]
[    1.193350] pci_bus 0000:00: root bus resource [mem 0x40000000-0xfdffffff window]
[    1.194488] pci_bus 0000:00: root bus resource [bus 00-ff]
[    1.196335] pci 0000:00:01.1: legacy IDE quirk: reg 0x10: [io  0x01f0-0x01f7]
[    1.197218] pci 0000:00:01.1: legacy IDE quirk: reg 0x14: [io  0x03f6]
[    1.198054] pci 0000:00:01.1: legacy IDE quirk: reg 0x18: [io  0x0170-0x0177]
[    1.198940] pci 0000:00:01.1: legacy IDE quirk: reg 0x1c: [io  0x0376]
[    1.215078] pci 0000:00:07.0: quirk: [io  0x4000-0x403f] claimed by PIIX4 ACPI
[    1.221288] pci 0000:00:07.0: quirk: [io  0x4100-0x410f] claimed by PIIX4 SMB
[    1.237033] ACPI: PCI Interrupt Link [LNKA] (IRQs 5 9 10 *11)
[    1.254818] ACPI: PCI Interrupt Link [LNKB] (IRQs 5 9 *10 11)
[    1.255907] ACPI: PCI Interrupt Link [LNKC] (IRQs 5 *9 10 11)
[    1.256993] ACPI: PCI Interrupt Link [LNKD] (IRQs 5 9 10 *11)
[    1.258166] ACPI: Enabled 2 GPEs in block 00 to 07
[    1.259165] vgaarb: setting as boot device: PCI:0000:00:02.0
[    1.259903] vgaarb: device added: PCI:0000:00:02.0,decodes=io+mem,owns=io+mem,locks=none
[    1.261028] vgaarb: loaded
[    1.261493] vgaarb: bridge control possible 0000:00:02.0
[    1.262394] SCSI subsystem initialized
[    1.263056] ACPI: bus type USB registered
[    1.263658] usbcore: registered new interface driver usbfs
[    1.277252] usbcore: registered new interface driver hub
[    1.277987] usbcore: registered new device driver usb
[    1.278883] PCI: Using ACPI for IRQ routing
[    1.279721] NetLabel: Initializing
[    1.280260] NetLabel:  domain hash size = 128
[    1.281320] NetLabel:  protocols = UNLABELED CIPSOv4
[    1.282385] NetLabel:  unlabeled traffic allowed by default
[    1.285596] amd_nb: Cannot enumerate AMD northbridges
[    1.286320] clocksource: Switched to clocksource kvm-clock
[    1.291814] AppArmor: AppArmor Filesystem Enabled
[    1.294840] pnp: PnP ACPI init
[    1.295879] pnp: PnP ACPI: found 3 devices
[    1.304325] clocksource: acpi_pm: mask: 0xffffff max_cycles: 0xffffff, max_idle_ns: 2085701024 ns
[    1.305779] NET: Registered protocol family 2
[    1.306631] TCP established hash table entries: 8192 (order: 4, 65536 bytes)
[    1.307669] TCP bind hash table entries: 8192 (order: 5, 131072 bytes)
[    1.308674] TCP: Hash tables configured (established 8192 bind 8192)
[    1.309626] UDP hash table entries: 512 (order: 2, 16384 bytes)
[    1.310525] UDP-Lite hash table entries: 512 (order: 2, 16384 bytes)
[    1.311490] NET: Registered protocol family 1
[    1.317221] pci 0000:00:00.0: Limiting direct PCI/PCI transfers
[    1.318005] pci 0000:00:01.0: Activating ISA DMA hang workarounds
[    1.318913] Unpacking initramfs...
[    1.502345] Freeing initrd memory: 15376K
[    1.615329] platform rtc_cmos: registered platform RTC device (no PNP device found)
[    1.659611] Scanning for low memory corruption every 60 seconds
[    1.660875] audit: initializing netlink subsys (disabled)
[    1.661700] audit: type=2000 audit(1556635919.590:1): initialized
[    1.662805] Initialise system trusted keyring
[    1.663635] HugeTLB registered 2 MB page size, pre-allocated 0 pages
[    1.665602] zbud: loaded
[    1.666446] VFS: Disk quotas dquot_6.6.0
[    1.667123] VFS: Dquot-cache hash table entries: 512 (order 0, 4096 bytes)
[    1.668289] squashfs: version 4.0 (2009/01/31) Phillip Lougher
[    1.669462] fuse init (API version 7.23)
[    1.670359] Key type big_key registered
[    1.683264] Allocating IMA MOK and blacklist keyrings.
[    1.684817] Key type asymmetric registered
[    1.685416] Asymmetric key parser 'x509' registered
[    1.686142] Block layer SCSI generic (bsg) driver version 0.4 loaded (major 249)
[    1.687524] io scheduler noop registered
[    1.688118] io scheduler deadline registered (default)
[    1.688845] io scheduler cfq registered
[    1.689501] pci_hotplug: PCI Hot Plug PCI Core version: 0.5
[    1.690250] pciehp: PCI Express Hot Plug Controller Driver version: 0.4
[    1.691197] ACPI: AC Adapter [AC] (on-line)
[    1.691846] input: Power Button as /devices/LNXSYSTM:00/LNXPWRBN:00/input/input0
[    1.692915] ACPI: Power Button [PWRF]
[    1.693509] input: Sleep Button as /devices/LNXSYSTM:00/LNXSLPBN:00/input/input1
[    1.694590] ACPI: Sleep Button [SLPF]
[    1.695267] GHES: HEST is not enabled!
[    1.695933] Serial: 8250/16550 driver, 32 ports, IRQ sharing enabled
[    1.718112] 00:02: ttyS0 at I/O 0x3f8 (irq = 4, base_baud = 115200) is a 16550A
[    1.729052] Linux agpgart interface v0.103
[    1.731417] loop: module loaded
[    1.732395] scsi host0: ata_piix
[    1.733028] scsi host1: ata_piix
[    1.733566] ata1: PATA max UDMA/33 cmd 0x1f0 ctl 0x3f6 bmdma 0xd000 irq 14
[    1.734448] ata2: PATA max UDMA/33 cmd 0x170 ctl 0x376 bmdma 0xd008 irq 15
[    1.742870] libphy: Fixed MDIO Bus: probed
[    1.743499] tun: Universal TUN/TAP device driver, 1.6
[    1.744210] tun: (C) 1999-2004 Max Krasnyansky <maxk@qualcomm.com>
[    1.745074] PPP generic driver version 2.4.2
[    1.745794] ehci_hcd: USB 2.0 'Enhanced' Host Controller (EHCI) Driver
[    1.746645] ehci-pci: EHCI PCI platform driver
[    1.747282] ehci-platform: EHCI generic platform driver
[    1.747998] ohci_hcd: USB 1.1 'Open' Host Controller (OHCI) Driver
[    1.748798] ohci-pci: OHCI PCI platform driver
[    1.749431] ohci-platform: OHCI generic platform driver
[    1.750141] uhci_hcd: USB Universal Host Controller Interface driver
[    1.751019] i8042: PNP: PS/2 Controller [PNP0303:PS2K,PNP0f03:PS2M] at 0x60,0x64 irq 1,12
[    1.761711] serio: i8042 KBD port at 0x60,0x64 irq 1
[    1.762438] serio: i8042 AUX port at 0x60,0x64 irq 12
[    1.763285] mousedev: PS/2 mouse device common for all mice
[    1.764269] input: AT Translated Set 2 keyboard as /devices/platform/i8042/serio0/input/input2
[    1.765780] rtc_cmos rtc_cmos: rtc core: registered rtc_cmos as rtc0
[    1.766678] rtc_cmos rtc_cmos: alarms up to one day, 114 bytes nvram
[    1.772759] i2c /dev entries driver
[    1.773428] device-mapper: uevent: version 1.0.3
[    1.774257] device-mapper: ioctl: 4.34.0-ioctl (2015-10-28) initialised: dm-devel@redhat.com
[    1.775643] ledtrig-cpu: registered to indicate activity on CPUs
[    1.776928] NET: Registered protocol family 10
[    1.777826] NET: Registered protocol family 17
[    1.778630] Key type dns_resolver registered
[    1.779799] registered taskstats version 1
[    1.780498] Loading compiled-in X.509 certificates
[    1.781730] Loaded X.509 cert 'Build time autogenerated kernel key: 766cb56454e39ea623681e1efb4bf4db48a2396c'
[    1.783285] zswap: loaded using pool lzo/zbud
[    1.790514] Key type trusted registered
[    1.793393] Key type encrypted registered
[    1.794022] AppArmor: AppArmor sha1 policy hashing enabled
[    1.794766] ima: No TPM chip found, activating TPM-bypass!
[    1.795505] ima: Allocated hash algorithm: sha1
[    1.796148] evm: HMAC attrs: 0x1
[    1.796896]   Magic number: 15:67:891
[    1.797464] event_source msr: hash matches
[    1.798133] rtc_cmos rtc_cmos: setting system clock to 2019-04-30 14:51:55 UTC (1556635915)
[    1.799414] BIOS EDD facility v0.16 2004-Jun-25, 0 devices found
[    1.806613] EDD information not available.
[    1.901516] Freeing unused kernel memory: 1484K
[    1.909096] Write protecting the kernel read-only data: 14336k
[    1.912820] Freeing unused kernel memory: 1620K
[    2.365647] Freeing unused kernel memory: 88K
Loading, please [    2.426192] random: systemd-udevd: uninitialized urandom read (16 bytes read, 3 bits of entropy available)
wait...
starting version 229
[    2.426730] random: udevadm: uninitialized urandom read (16 bytes read, 3 bits of entropy available)
[    2.426745] random: udevadm: uninitialized urandom read (16 bytes read, 3 bits of entropy available)
[    2.430957] random: systemd-udevd: uninitialized urandom read (16 bytes read, 3 bits of entropy available)
[    2.432469] random: systemd-udevd: uninitialized urandom read (16 bytes read, 3 bits of entropy available)
[    2.432755] random: udevadm: uninitialized urandom read (16 bytes read, 3 bits of entropy available)
[    2.432800] random: udevadm: uninitialized urandom read (16 bytes read, 3 bits of entropy available)
[    2.432943] random: udevadm: uninitialized urandom read (16 bytes read, 3 bits of entropy available)
[    2.433740] random: udevadm: uninitialized urandom read (16 bytes read, 3 bits of entropy available)
[    2.433812] random: udevadm: uninitialized urandom read (16 bytes read, 3 bits of entropy available)
[    2.472491] e1000: Intel(R) PRO/1000 Network Driver - version 7.3.21-k8-NAPI
[    2.473573] e1000: Copyright (c) 1999-2006 Intel Corporation.
[    2.480551] Fusion MPT base driver 3.04.20
[    2.481878] Copyright (c) 1999-2008 LSI Corporation
[    2.500380] AVX2 version of gcm_enc/dec engaged.
[    2.501092] AES CTR mode by8 optimization enabled
[    2.519695] Fusion MPT SPI Host driver 3.04.20
[    2.616186] clocksource: tsc: mask: 0xffffffffffffffff max_cycles: 0x20ac1d2d228, max_idle_ns: 440795229855 ns
[    2.692242] input: ImExPS/2 Generic Explorer Mouse as /devices/platform/i8042/serio1/input/input4
[    2.821341] e1000 0000:00:03.0 eth0: (PCI:33MHz:32-bit) 02:93:23:4d:82:b3
[    2.822381] e1000 0000:00:03.0 eth0: Intel(R) PRO/1000 Network Connection
[    3.649447] e1000 0000:00:08.0 eth1: (PCI:33MHz:32-bit) 08:00:27:24:4d:81
[    3.652987] e1000 0000:00:08.0 eth1: Intel(R) PRO/1000 Network Connection
[    3.658439] e1000 0000:00:03.0 enp0s3: renamed from eth0
[    3.662434] mptbase: ioc0: Initiating bringup
[    3.690450] e1000 0000:00:08.0 enp0s8: renamed from eth1
[    3.754595] ioc0: LSI53C1030 A0: Capabilities={Initiator}
[    3.919714] scsi host2: ioc0: LSI53C1030 A0, FwRev=00000000h, Ports=1, MaxQ=256, IRQ=20
[    4.056965] scsi 2:0:0:0: Direct-Access     VBOX     HARDDISK         1.0  PQ: 0 ANSI: 5
[    4.063663] scsi target2:0:0: Beginning Domain Validation
[    4.068156] scsi target2:0:0: Domain Validation skipping write tests
[    4.071190] scsi target2:0:0: Ending Domain Validation
[    4.073660] scsi target2:0:0: asynchronous
[    4.332455] scsi 2:0:1:0: Direct-Access     VBOX     HARDDISK         1.0  PQ: 0 ANSI: 5
[    4.450333] scsi target2:0:1: Beginning Domain Validation
[    4.451590] scsi target2:0:1: Domain Validation skipping write tests
[    4.452402] scsi target2:0:1: Ending Domain Validation
[    4.453119] scsi target2:0:1: asynchronous
[    4.466202] sd 2:0:0:0: Attached scsi generic sg0 type 0
[    4.477225] sd 2:0:0:0: [sda] 20971520 512-byte logical blocks: (10.7 GB/10.0 GiB)
[    4.479423] sd 2:0:1:0: Attached scsi generic sg1 type 0
[    4.485301] sd 2:0:0:0: [sda] Write Protect is off
[    4.485998] sd 2:0:1:0: [sdb] 20480 512-byte logical blocks: (10.5 MB/10.0 MiB)
[    4.487447] sd 2:0:0:0: [sda] Incomplete mode parameter data
[    4.488308] sd 2:0:0:0: [sda] Assuming drive cache: write through
[    4.489283] sd 2:0:1:0: [sdb] Write Protect is off
[    4.490216] sd 2:0:1:0: [sdb] Incomplete mode parameter data
[    4.491081] sd 2:0:1:0: [sdb] Assuming drive cache: write through
[    4.493629]  sda: sda1
[    4.495190] sd 2:0:1:0: [sdb] Attached SCSI disk
[    4.495942] sd 2:0:0:0: [sda] Attached SCSI disk
Begin: Loading e[    5.801984] md: linear personality registered for level -1
ssential drivers ... [    5.873309] md: multipath personality registered for level -4
[    5.876331] md: raid0 personality registered for level 0
[    5.880447] md: raid1 personality registered for level 1
[    6.015158] raid6: sse2x1   gen() 11966 MB/s
[    6.170618] raid6: sse2x1   xor()  8903 MB/s
[    6.289281] raid6: sse2x2   gen() 15146 MB/s
[    6.357466] raid6: sse2x2   xor() 10600 MB/s
[    6.422446] raid6: sse2x4   gen() 15732 MB/s
[    6.493788] raid6: sse2x4   xor() 11920 MB/s
[    6.663576] raid6: avx2x1   gen() 20204 MB/s
[    6.932136] raid6: avx2x2   gen() 27572 MB/s
[    7.439108] raid6: avx2x4   gen() 29716 MB/s
[    7.468525] raid6: using algorithm avx2x4 gen() 29716 MB/s
[    7.469426] raid6: using avx2x2 recovery algorithm
[    7.471136] xor: automatically using best checksumming function:
[    7.510331]    avx       : 25954.000 MB/sec
[    7.512145] async_tx: api initialized (async)
[    7.519488] md: raid6 personality registered for level 6
[    7.520280] md: raid5 personality registered for level 5
[    7.521001] md: raid4 personality registered for level 4
[    7.526628] md: raid10 personality registered for level 10
done.
Begin: Running /scripts/init-premount ... done.
Begin: Mounting root file system ... Begin: Running /scripts/local-top ... done.
Begin: Running /scripts/local-premount ... [    7.552235] Btrfs loaded
Scanning for Btrfs filesystems
done.
Warning: fsck not present, so skipping root file system
[    7.582000] EXT4-fs (sda1): mounted filesystem with ordered data mode. Opts: (null)
done.
Begin: Running /scripts/local-bottom ... done.
Begin: Running /scripts/init-bottom ... done.
[    7.701736] systemd[1]: systemd 229 running in system mode. (+PAM +AUDIT +SELINUX +IMA +APPARMOR +SMACK +SYSVINIT +UTMP +LIBCRYPTSETUP +GCRYPT +GNUTLS +ACL +XZ -LZ4 +SECCOMP +BLKID +ELFUTILS +KMOD -IDN)
[    7.704376] systemd[1]: Detected virtualization oracle.
[    7.705170] systemd[1]: Detected architecture x86-64.

Welcome to [1mUbuntu 16.04.5 LTS[0m!

[    7.709243] systemd[1]: Set hostname to <ubuntu-xenial>.
[    7.884081] systemd[1]: Reached target Encrypted Volumes.
[[0;32m  OK  [0m] Reached target Encrypted Volumes.
[    7.897830] systemd[1]: Listening on udev Kernel Socket.
[[0;32m  OK  [0m] Listening on udev Kernel Socket.
[    7.899915] systemd[1]: Listening on udev Control Socket.
[[0;32m  OK  [0m] Listening on udev Control Socket.
[    7.902023] systemd[1]: Listening on Journal Audit Socket.
[[0;32m  OK  [0m] Listening on Journal Audit Socket.
[    7.903877] systemd[1]: Reached target Swap.
[[0;32m  OK  [0m] Reached target Swap.
[    7.905567] systemd[1]: Set up automount Arbitrary Executable File Formats File System Automount Point.
[[0;32m  OK  [0m] Set up automount Arbitrary Executab...ats File System Automount Point.
[    7.914725] systemd[1]: Started Forward Password Requests to Wall Directory Watch.
[[0;32m  OK  [0m] Started Forward Password Requests to Wall Directory Watch.
[    7.917123] systemd[1]: Listening on Syslog Socket.
[[0;32m  OK  [0m] Listening on Syslog Socket.
[    7.919063] systemd[1]: Created slice System Slice.
[[0;32m  OK  [0m] Created slice System Slice.
[    7.920907] systemd[1]: Created slice system-serial\x2dgetty.slice.
[[0;32m  OK  [0m] Created slice system-serial\x2dgetty.slice.
[    930559] systemd[1]: Listening on Journal Socket (/dev/log).

[[0;32m  OK  [0m] Listening on Journal Socket (/dev/log).
[    7.978864] systemd[1]: Started Trigger resolvconf update for networkd DNS.
[[0;32m  OK  [0m] Started Trigger resolvconf update for networkd DNS.
[    7.980652] systemd[1]: Reached target System Time Synchronized.
[[0;32m  OK  [0m] Reached target System Time Synchronized.
[    7.982346] systemd[1]: Listening on Device-mapper event daemon FIFOs.
[[0;32m  OK  [0m] Listening on Device-mapper event daemon FIFOs.
[    7.994472] systemd[1]: Listening on Journal Socket.
[[0;32m  OK  [0m] Listening on Journal Socket.
[    8.010573] systemd[1]: Starting Load Kernel Modules...
         Starting Load Kernel Modules...
[    8.078870] systemd[1]: Starting Journal Service...
         Starting Journal Service...
[    8.081949] systemd[1]: Mounting Debug File System...
         Mounting Debug F[    8.093288] Loading iSCSI transport class v2.0-870.
ile System...
[    8.121831] systemd[1]: Starting Nameserver information manager...
         Starting Nameserver information manager...
[    8.141079] systemd[1]: Starting Set console keymap...
         Starting Set console keymap...
[    8.152613] iscsi: registered transport (tcp)
[    8.174482] systemd[1]: Mounting Huge Pages File System...
         Mounting Huge Pages File System...
[    8.183314] systemd[1]: Starting Uncomplicated firewall...
         Starting Uncomplicated firewall...
[    8.187881] systemd[1]: Starting Create list of required static device nodes for the current kernel...
         Starting Create [    8.193777] iscsi: registered transport (iser)
list of required st... nodes for the current kernel...
[    8.307104] systemd[1]: Mounting POSIX Message Queue File System...
         Mounting POSIX Message Queue File System...
[    8.310273] systemd[1]: Starting Remount Root and Kernel File Systems...
         Starting Remount Root and Kernel File Systems...
[    8.312487] systemd[1]: Reached target User and Group Name Lookups.
[[0;32m  OK  [0m] Reached target User and Group Name Lookups.
[    8.327877] EXT4-fs (sda1): re-mounted. Opts: (null)
[    8.329029] systemd[1]: Created slice User and Session Slice.
[[0;32m  OK  [0m] Created slice User and Session Slice.
[    8.331034] systemd[1]: Reached target Slices.
[[0;32m  OK  [0m] Reached target Slices.
[    8.332450] systemd[1]: Listening on LVM2 metadata daemon socket.
[[0;32m  OK  [0m] Listening on LVM2 metadata daemon socket.
[    8.386706] systemd[1]: Starting Monitoring of LVM2 mirrors, snapshots etc. using dmeventd or progress polling...
         Starting Monitoring of LVM2 mirrors... dmeventd or progress polling...
[    8.394013] systemd[1]: Listening on /dev/initctl Compatibility Named Pipe.
[[0;32m  OK  [0m] Listening on /dev/initctl Compatibility Named Pipe.
[    8.419410] systemd[1]: Listening on LVM2 poll daemon socket.
[    8.427154] random: nonblocking pool is initialized
[[0;32m  OK  [0m] Listening on LVM2 poll daemon socket.
[    8.446954] systemd[1]: Mounted POSIX Message Queue File System.
[[0;32m  OK  [0m] Mounted POSIX Message Queue File System.
[    8.598237] systemd[1]: Mounted Debug File System.
[[0;32m  OK  [0m] Mounted Debug File System.
[    8.600009] systemd[1]: Mounted Huge Pages File System.
[[0;32m  OK  [0m] Mounted Huge Pages File System.
[    8.601904] systemd[1]: Started Journal Service.
[[0;32m  OK  [0m] Started Journal Service.
[[0;32m  OK  [0m] Started Load Kernel Modules.
[[0;32m  OK  [0m] Started Set console keymap.
[[0;32m  OK  [0m] Started Uncomplicated firewall.
[[0;32m  OK  [0m] Started Create list of required sta...ce nodes for the current kernel.
[[0;32m  OK  [0m] Started Remount Root and Kernel File Systems.
[[0;32m  OK  [0m] Started Nameserver information manager.
[[0;32m  OK  [0m] Started LVM2 metadata daemon.
         Starting Load/Save Random Seed...
         Starting udev Coldplug all Devices...
         Starting Create Static Device Nodes in /dev...
         Starting Apply Kernel Variables...
         Mounting FUSE Control File System...
         Starting Flush Journal to Persistent Storage...
[[0;32m  OK  [0m] Mounted FUSE Control File System.
[[0;32m  OK  [0m] Started Load/Save Random Seed.
[[0;32m  OK  [0m] Started Create Static Device Nodes in /dev.
[[0;32m  OK  [0m] Started Apply Kernel Variables.
[[0;32m  OK  [0m] Started udev Coldplug all Devices.
[[0;32m  OK  [0m] Started Flush Journal to Persistent Storage.
         Starting udev Kernel Device Manager...
[[0;32m  OK  [0m] Started udev Kernel Device Manager.
[[0;32m  OK  [0m] Started Dispatch Password Requests to Console Directory Watch.
[[0;32m  OK  [0m] Found device /dev/ttyS0.
[[0;32m  OK  [0m] Listening on Load/Save RF Kill Switch Status /dev/rfkill Watch.
[[0;32m  OK  [0m] Started Monitoring of LVM2 mirrors,...ng dmeventd or progress polling.
[[0;32m  OK  [0m] Reached target Local File Systems (Pre).
[[0;32m  OK  [0m] Reached target Local File Systems.
         Starting Initial cloud-init job (pre-networking)...
         Starting Set console font and keymap...
         Starting LSB: AppArmor initialization...
         Starting Create Volatile Files and Directories...
         Starting Tell Plymouth To Write Out Runtime Data...
[[0;32m  OK  [0m] Started Create Volatile Files and Directories.
[[0;32m  OK  [0m] Started Tell Plymouth To Write Out Runtime Data.
[[0;32m  OK  [0m] Found device 82540EM Gigabit Ethern...r (PRO/1000 MT Desktop Adapter).
[[0;32m  OK  [0m] Found device 82540EM Gigabit Ethern...r (PRO/1000 MT Desktop Adapter).
         Starting Update UTMP about System Boot/Shutdown...
[[0;32m  OK  [0m] Started Update UTMP about System Boot/Shutdown.
[[0;32m  OK  [0m] Started LSB: AppArmor initialization.
[[0;32m  OK  [0m] Started Set console font and keymap.
[[0;32m  OK  [0m] Created slice system-getty.slice.
[    9.064020] cloud-init[585]: Cloud-init v. 18.3-9-g2e62cb8a-0ubuntu1~16.04.2 running 'init-local' at Tue, 30 Apr 2019 14:52:03 +0000. Up 8.83 seconds.
[[0;32m  OK  [0m] Started Initial cloud-init job (pre-networking).
[[0;32m  OK  [0m] Reached target Network (Pre).
[[0;32m  OK  [0m] Started ifup for enp0s8.
[[0;32m  OK  [0m] Started ifup for enp0s3.
         Starting Raise network interfaces...
[[0;32m  OK  [0m] Started Raise network interfaces.
         Starting Initial cloud-init job (metadata service crawler)...
[[0;32m  OK  [0m] Reached target Network.
[    9.694204] cloud-init[1066]: Cloud-init v. 18.3-9-g2e62cb8a-0ubuntu1~16.04.2 running 'init' at Tue, 30 Apr 2019 14:52:04 +0000. Up 9.43 seconds.
[    9.705578] cloud-init[1066]: ci-info: ++++++++++++++++++++++++++++++++++++++Net device info+++++++++++++++++++++++++++++++++++++++
[    9.706917] cloud-init[1066]: ci-info: +--------+------+-----------------------------+---------------+--------+-------------------+
[    9.708293] cloud-init[1066]: ci-info: | Device |  Up  |           Address           |      Mask     | Scope  |     Hw-Address    |
[    9.709668] cloud-init[1066]: ci-info: +--------+------+-----------------------------+---------------+--------+-------------------+
[    9.711045] cloud-init[1066]: ci-info: | enp0s3 | True |          10.0.2.15          | 255.255.255.0 | global | 02:93:23:4d:82:b3 |
[    9.712434] cloud-init[1066]: ci-info: | enp0s3 | True |  fe80::93:23ff:fe4d:82b3/64 |       .       |  link  | 02:93:23:4d:82:b3 |
[    9.713837] cloud-init[1066]: ci-info: | enp0s8 | True |        192.168.33.11        | 255.255.255.0 | global | 08:00:27:24:4d:81 |
[    9.715033] cloud-init[1066]: ci-info: | enp0s8 | True | fe80::a00:27ff:fe24:4d81/64 |       .       |  link  | 08:00:27:24:4d:81 |
[    9.716222] cloud-init[1066]: ci-info: |   lo   | True |          127.0.0.1          |   255.0.0.0   |  host  |         .         |
[    9.717397] cloud-init[1066]: ci-info: |   lo   | True |           ::1/128           |       .       |  host  |         .         |
[[0;32m  OK  [0m] Started Initial cloud-init job (metadata service crawler).
[[0;32m  OK  [0m] Reached target Network is Online.
[    9.756103] cloud-init[1066]: ci-info: +--------+------+-----------------------------+---------------+--------+-------------------+
[    9.760770] cloud-init[1066]: ci-info: ++++++++++++++++++++++++++++Route IPv4 info++++++++++++++++++++++++++++
[    9.812183] cloud-init[1066]: ci-info: +-------+--------------+----------+---------------+-----------+-------+
[    9.824164] cloud-init[1066]: ci-info: | Route | Destination  | Gateway  |    Genmask    | Interface | Flags |
         Starting iSCSI initiator daemon (iscsid)...
[[0;32m  OK  [0m] Reached target System Initialization.
[    9.827813] cloud-init[1066]: ci-info: +-------+--------------+----------+---------------+-----------+-------+
[    9.852049] cloud-init[1066]: ci-info: |   0   |   0.0.0.0    | 10.0.2.2 |    0.0.0.0    |   enp0s3  |   UG  |
[    9.854800] cloud-init[1066]: ci-info: |   1   |   10.0.2.0   | 0.0.0.0  | 255.255.255.0 |   enp0s3  |   U   |
[[0;32m  OK  [0m] Started Daily apt download activities.
[[0;32m  OK  [0m] Started Daily Cleanup of Temporary Directories.
[[0;32m  OK  [0m] Started Daily apt upgrade and clean activities.
[    9.861131] cloud-init[1066]: ci-info: |   2   | 192.168.33.0 | 0.0.0.0  | 255.255.255.0 |   enp0s8  |   U   |
[    9.934728] cloud-init[1066]: ci-info: +-------+--------------+----------+---------------+-----------+-------+
[[0;32m  OK  [0m] Listening on D-Bus System Message Bus Socket.
[    9.942239] cloud-init[1066]: ci-info: +++++++++++++++++++Route IPv6 info+++++++++++++++++++
[    9.958239] cloud-init[1066]: ci-info: +-------+-------------+---------+-----------+-------+
         Starting Socket activation for snappy daemon.
[[0;32m  OK  [0m] Listening on UUID daemon activation socket.
[    9.972838] cloud-init[1066]: ci-info: | Route | Destination | Gateway | Interface | Flags |
[    9.987910] cloud-init[1066]: ci-info: +-------+-------------+---------+-----------+-------+
         Starting LXD - unix socket.
[[0;32m  OK  [0m] Listening on ACPID Listen Socket.
[[0;32m  OK  [0m] Reached target Timers.
[    9.995555] cloud-init[1066]: ci-info: |   0   |  fe80::/64  |    ::   |   enp0s8  |   U   |
[[0;32m  OK  [0m] Started ACPI Events Check.
[[0;32m  OK  [0m] Reached target Paths.
[[0;32m  OK  [0m] Reached target Cloud-config availability.
[   10.007364] cloud-init[1066]: ci-info: |   1   |  fe80::/64  |    ::   |   enp0s3  |   U   |
[   10.020811] cloud-init[1066]: ci-info: |   4   |   ff00::/8  |    ::   |   enp0s8  |   U   |
[   10.023009] cloud-init[1066]: ci-info: |   5   |   ff00::/8  |    ::   |   enp0s3  |   U   |
[   10.025018] cloud-init[1066]: ci-info: +-------+-------------+---------+-----------+-------+
[[0;32m  OK  [0m] Listening on Socket activation for snappy daemon.
[[0;32m  OK  [0m] Listening on LXD - unix socket.
[[0;32m  OK  [0m] Started iSCSI initiator daemon (iscsid).
         Starting Login to default iSCSI targets...
[[0;32m  OK  [0m] Reached target Sockets.
[[0;32m  OK  [0m] Reached target Basic System.
         Starting Virtualbox guest utils...
[[0;32m  OK  [0m] Started ACPI event daemon.
         Starting LSB: MD monitoring daemon...
[[0;32m  OK  [0m] Started FUSE filesystem for LXC.
         Starting Accounts Service...
[[0;32m  OK  [0m] Started D-Bus System Message Bus.
         Starting System Logging Service...
         Starting /etc/rc.local Compatibility...
[[0;32m  OK  [0m] Started Unattended Upgrades Shutdown.
         Starting Login Service...
         Starting LXD - container startup/shutdown...
         Starting LSB: Record successful boot for GRUB...
         Starting Snappy daemon...
[[0;32m  OK  [0m] Started Regular background program processing daemon.
[[0;32m  OK  [0m] Started Deferred execution scheduler.
         Starting OpenBSD Secure Shell server...
[[0;32m  OK  [0m] Started System Logging Service.
[[0;32m  OK  [0m] Started /etc/rc.local Compatibility.
[[0;32m  OK  [0m] Started LSB: MD monitoring daemon.
[[0;32m  OK  [0m] Started Login to default iSCSI targets.
         Starting Authenticate and Authorize Users to Run Privileged Tasks...
[[0;32m  OK  [0m] Reached target Remote File Systems (Pre).
[[0;32m  OK  [0m] Reached target Remote File Systems.
         Starting LSB: Apache2 web server...
         Starting Permit User Sessions...
         Starting LSB: automatic crash report generation...
         Starting LSB: daemon to balance interrupts for SMP systems...
         Starting LSB: Set the CPU Frequency Scaling governor to "ondemand"...
[[0;32m  OK  [0m] Started Virtualbox guest utils.
[[0;32m  OK  [0m] Started LSB: Record successful boot for GRUB.
[[0;32m  OK  [0m] Started Permit User Sessions.
[[0;32m  OK  [0m] Started Login Service.
[[0;32m  OK  [0m] Started Authenticate and Authorize Users to Run Privileged Tasks.
[[0;32m  OK  [0m] Started Accounts Service.
[[0;32m  OK  [0m] Started OpenBSD Secure Shell server.
[[0;32m  OK  [0m] Started LXD - container startup/shutdown.
         Starting Terminate Plymouth Boot Screen...
         Starting Hold until boot process finishes up...
[[0;32m  OK  [0m] Started LSB: automatic crash report generation.
[[0;32m  OK  [0m] Started LSB: daemon to balance interrupts for SMP systems.
[[0;32m  OK  [0m] Started LSB: Set the CPU Frequency Scaling governor to "ondemand".
[[0;32m  OK  [0m] Started Terminate Plymouth Boot Screen.
[[0;32m  OK  [0m] Started Hold until boot process finishes up.
         Starting Set console scheme...
[[0;32m  OK  [0m] Started Serial Getty on ttyS0.
[[0;32m  OK  [0m] Started Getty on tty1.
[[0;32m  OK  [0m] Reached target Login Prompts.
[[0;32m  OK  [0m] Started Set console scheme.
[[0;32m  OK  [0m] Started Snappy daemon.
         Starting Wait until snapd is fully seeded...
[[0;32m  OK  [0m] Started Wait until snapd is fully seeded.
         Starting Apply the settings specified in cloud-config...
[   10.803976] cloud-init[1327]: Cloud-init v. 18.3-9-g2e62cb8a-0ubuntu1~16.04.2 running 'modules:config' at Tue, 30 Apr 2019 14:52:05 +0000. Up 10.71 seconds.
[[0;32m  OK  [0m] Started Apply the settings specified in cloud-config.
[[0;32m  OK  [0m] Created slice User Slice of vagrant.
         Starting User Manager for UID 1000...
[[0;32m  OK  [0m] Started Session 1 of user vagrant.
[[0;32m  OK  [0m] Started User Manager for UID 1000.
[[0;32m  OK  [0m] Started LSB: Apache2 web server.
[[0;32m  OK  [0m] Reached target Multi-User System.
         Starting Execute cloud user/final scripts...
[[0;32m  OK  [0m] Reached target Graphical Interface.
         Starting Update UTMP about System Runlevel Changes...
[[0;32m  OK  [0m] Started Update UTMP about System Runlevel Changes.
[   11.929009] cloud-init[1390]: Cloud-init v. 18.3-9-g2e62cb8a-0ubuntu1~16.04.2 running 'modules:final' at Tue, 30 Apr 2019 14:52:06 +0000. Up 11.80 seconds.
[   11.973852] cloud-init[1390]: Cloud-init v. 18.3-9-g2e62cb8a-0ubuntu1~16.04.2 finished at Tue, 30 Apr 2019 14:52:06 +0000. Datasource DataSourceNoCloud [seed=/dev/sdb][dsmode=net].  Up 11.92 seconds
[[0;32m  OK  [0m] Started Execute cloud user/final scripts.
[[0;32m  OK  [0m] Reached target Cloud-init target.
         Starting Daily apt download activities...

Ubuntu 16.04.5 LTS ubuntu-xenial ttyS0

ubuntu-xenial login: [[0;32m  OK  [0m] Stopped target Timers.
         Stopping Authenticate and Authorize Users to Run Privileged Tasks...
         Stopping ACPI event daemon...
[[0;32m  OK  [0m] Stopped Daily Cleanup of Temporary Directories.
[[0;32m  OK  [0m] Stopped target Cloud-init target.
[[0;32m  OK  [0m] Stopped Execute cloud user/final scripts.
[[0;32m  OK  [0m] Closed Load/Save RF Kill Switch Status /dev/rfkill Watch.
[[0;32m  OK  [0m] Stopped Daily apt upgrade and clean activities.
         Stopping Session 5 of user vagrant.
[[0;32m  OK  [0m] Stopped Daily apt download activities.
[[0;32m  OK  [0m] Stopped target System Time Synchronized.
[[0;32m  OK  [0m] Stopped Apply the settings specified in cloud-config.
[[0;32m  OK  [0m] Stopped target Cloud-config availability.
[[0;32m         Stopping Serial Getty on ttyS0...
         Stopping Getty on tty1...
         Stopping Deferred execution scheduler...
         Stopping Virtualbox guest utils...
         Stopping System Logging Service...
[[0;32m  OK  [0m] Stopped Wait until snapd is fully seeded.
         Stopping LSB: automatic crash report generation...
         Stopping FUSE filesystem for LXC...
         Stopping OpenBSD Secure Shell server...
         Stopping D-Bus System Message Bus...
         Stopping Unattended Upgrades Shutdown...
         Stopping Regular background program processing daemon...
         Stopping LXD - container startup/shutdown...
         Stopping LSB: Set the CPU Frequency Scaling governor to "ondemand"...
         Stopping LSB: Apache2 web server...
         Stopping Accounts Service...
         Stopping LSB: MD monitoring daemon...
         Stopping LSB: Record successful boot for GRUB...
         Stopping User Manager for UID 1000...
         Stopping LSB: daemon to balance interrupts for SMP systems...
[[0;32m  OK  [0m] Unmounted /var/lib/lxcfs.
[[0;32m  OK  [0m] Stopped ACPI event daemon.
[[0;32m  OK  [0m] Stopped Accounts Service.
[[0;32m  OK  [0m] Stopped System Logging Service.
[[0;32m  OK  [0m] Stopped Regular background program processing daemon.
[[0;32m  OK  [0m] Stopped Deferred execution scheduler.
[[0;32m  OK  [0m] Stopped Authenticate and Authorize Users to Run Privileged Tasks.
[[0;32m  OK  [0m] Stopped OpenBSD Secure Shell server.
[[0;32m  OK  [0m] Stopped Serial Getty on ttyS0.
[[0;32m  OK  [0m] Stopped Getty on tty1.
[[0;32m  OK  [0m] Stopped User Manager for UID 1000.
[[0;32m  OK  [0m] Stopped Session 5 of user vagrant.
[[0;32m  OK  [0m] Stopped D-Bus System Message Bus.
[[0;32m  OK  [0m] Stopped Unattended Upgrades Shutdown.
[[0;32m  OK  [0m] Stopped FUSE filesystem for LXC.
[[0;32m  OK  [0m] Stopped Virtualbox guest utils.
[[0;32m  OK  [0m] Stopped LSB: automatic crash report generation.
[[0;32m  OK  [0m] Stopped LXD - container startup/shutdown.
[[0;32m  OK  [0m] Stopped LSB: MD monitoring daemon.
[[0;32m  OK  [0m] Stopped LSB: Set the CPU Frequency Scaling governor to "ondemand".
[[0;32m  OK  [0m] Stopped LSB: Record successful boot for GRUB.
[[0;32m  OK  [0m] Stopped LSB: daemon to balance interrupts for SMP systems.
[[0;32m  OK  [0m] Removed slice User Slice of vagrant.
         Stopping Login Service...
[[0;32m  OK  [0m] Removed slice system-getty.slice.
[[0;32m  OK  [0m] Stopped /etc/rc.local Compatibility.
         Stopping Permit User Sessions...
[[0;32m  OK  [0m] Removed slice system-serial\x2dgetty.slice.
[[0;32m  OK  [0m] Stopped Permit User Sessions.
[[0;32m  OK  [0m] Stopped Login Service.
[[0;32m  OK  [0m] Stopped target User and Group Name Lookups.
[[0;32m  OK  [0m] Stopped LSB: Apache2 web server.
[[0;32m  OK  [0m] Stopped target Basic System.
[[0;32m  OK  [0m] Stopped target Sockets.
[[0;32m  OK  [0m] Closed Syslog Socket.
[[0;32m  OK  [0m] Closed Socket activation for snappy daemon.
[[0;32m  OK  [0m] Closed LXD - unix socket.
[[0;32m  OK  [0m] Closed UUID daemon activation socket.
[[0;32m  OK  [0m] Closed ACPID Listen Socket.
[[0;32m  OK  [0m] Closed D-Bus System Message Bus Socket.
[[0;32m  OK  [0m] Stopped target Slices.
[[0;32m  OK  [0m] Removed slice User and Session Slice.
[[0;32m  OK  [0m] Stopped target Paths.
[[0;32m  OK  [0m] Stopped Dispatch Password Requests to Console Directory Watch.
[[0;32m  OK  [0m] Stopped ACPI Events Check.
[[0;32m  OK  [0m] Stopped Forward Password Requests to Wall Directory Watch.
[[0;32m  OK  [0m] Stopped target Remote File Systems.
[[0;32m  OK  [0m] Stopped target Remote File Systems (Pre).
         Stopping Login to default iSCSI targets...
[[0;32m  OK  [0m] Stopped target System Initialization.
[[0;32m  OK  [0m] Stopped target Swap.
         Stopping Update UTMP about System Boot/Shutdown...
         Stopping Load/Save Random Seed...
[[0;32m  OK  [0m] Stopped target Encrypted Volumes.
[[0;32m  OK  [0m] Stopped Load/Save Random Seed.
[[0;32m  OK  [0m] Stopped Update UTMP about System Boot/Shutdown.
[[0;32m  OK  [0m] Stopped Login to default iSCSI targets.
         Stopping iSCSI initiator daemon (iscsid)...
[[0;32m  OK  [0m] Stopped Create Volatile Files and Directories.
[[0;32m  OK  [0m] Stopped iSCSI initiator daemon (iscsid).
[[0;32m  OK  [0m] Stopped target Network is Online.
[[0;32m  OK  [0m] Stopped Initial cloud-init job (metadata service crawler).
[[0;32m  OK  [0m] Stopped target Network.
         Stopping Raise network interfaces...
[[0;32m  OK  [0m] Stopped Raise network interfaces.
[[0;32m  OK  [0m] Stopped target Network (Pre).
[[0;32m  OK  [0m] Stopped Initial cloud-init job (pre-networking).
[[0;32m  OK  [0m] Stopped target Local File Systems.
         Unmounting /var/www/html...
         Unmounting /run/user/1000...
         Unmounting /vagrant...
[[0;32m  OK  [0m] Stopped Apply Kernel Variables.
[[0;32m  OK  [0m] Stopped Load Kernel Modules.
[[0;32m  OK  [0m] Unmounted /var/www/html.
[[0;32m  OK  [0m] Unmounted /run/user/1000.
[[0;32m  OK  [0m] Unmounted /vagrant.
[[0;32m  OK  [0m] Reached target Unmount All Filesystems.
[[0;32m  OK  [0m] Stopped target Local File Systems (Pre).
         Stopping Monitoring of LVM2 mirrors... dmeventd or progress polling...
[[0;32m  OK  [0m] Stopped Remount Root and Kernel File Systems.
[[0;32m  OK  [0m] Stopped Create Static Device Nodes in /dev.
[[0;32m  OK  [0m] Reached target Shutdown.
[ 2309593] reboot: Power down

